This file contains any messages produced by compilers while
running configure, to aid debugging if configure makes a mistake.

It was created by libhdfs configure 0.1.0, which was
generated by GNU Autoconf 2.61.  Invocation command line was

  $ configure 

## --------- ##
## Platform. ##
## --------- ##

hostname = toonces.local
uname -m = i386
uname -r = 10.2.0
uname -s = Darwin
uname -v = Darwin Kernel Version 10.2.0: Tue Nov  3 10:37:10 PST 2009; root:xnu-1486.2.11~1/RELEASE_I386

/usr/bin/uname -p = i386
/bin/uname -X     = unknown

/bin/arch              = unknown
/usr/bin/arch -k       = unknown
/usr/convex/getsysinfo = unknown
/usr/bin/hostinfo      = Mach kernel version:
	 Darwin Kernel Version 10.2.0: Tue Nov  3 10:37:10 PST 2009; root:xnu-1486.2.11~1/RELEASE_I386
Kernel configured for up to 2 processors.
2 processors are physically available.
2 processors are logically available.
Processor type: i486 (Intel 80486)
Processors active: 0 1
Primary memory available: 4.00 gigabytes
Default processor set: 92 tasks, 384 threads, 2 processors
Load average: 1.35, Mach factor: 0.98
/bin/machine           = unknown
/usr/bin/oslevel       = unknown
/bin/universe          = unknown

PATH: /opt/local/bin
PATH: /opt/local/sbin
PATH: /usr/bin
PATH: /bin
PATH: /usr/sbin
PATH: /sbin
PATH: /usr/local/bin
PATH: /usr/X11/bin


## ----------- ##
## Core tests. ##
## ----------- ##

configure:1968: checking for a BSD-compatible install
configure:2024: result: /usr/bin/install -c
configure:2035: checking whether build environment is sane
configure:2078: result: yes
configure:2106: checking for a thread-safe mkdir -p
configure:2145: result: ./install-sh -c -d
configure:2158: checking for gawk
configure:2188: result: no
configure:2158: checking for mawk
configure:2188: result: no
configure:2158: checking for nawk
configure:2188: result: no
configure:2158: checking for awk
configure:2174: found /usr/bin/awk
configure:2185: result: awk
configure:2196: checking whether make sets $(MAKE)
configure:2217: result: yes
configure:2439: checking build system type
configure:2457: result: i686-apple-darwin10.2.0
configure:2479: checking host system type
configure:2494: result: i686-apple-darwin10.2.0
configure:2528: checking for style of include used by make
configure:2556: result: GNU
configure:2626: checking for gcc
configure:2642: found /usr/bin/gcc
configure:2653: result: gcc
configure:2891: checking for C compiler version
configure:2898: gcc --version >&5
i686-apple-darwin10-gcc-4.2.1 (GCC) 4.2.1 (Apple Inc. build 5646)
Copyright (C) 2007 Free Software Foundation, Inc.
This is free software; see the source for copying conditions.  There is NO
warranty; not even for MERCHANTABILITY or FITNESS FOR A PARTICULAR PURPOSE.

configure:2901: $? = 0
configure:2908: gcc -v >&5
Using built-in specs.
Target: i686-apple-darwin10
Configured with: /var/tmp/gcc/gcc-5646~6/src/configure --disable-checking --enable-werror --prefix=/usr --mandir=/share/man --enable-languages=c,objc,c++,obj-c++ --program-transform-name=/^[cg][^.-]*$/s/$/-4.2/ --with-slibdir=/usr/lib --build=i686-apple-darwin10 --with-gxx-include-dir=/include/c++/4.2.1 --program-prefix=i686-apple-darwin10- --host=x86_64-apple-darwin10 --target=i686-apple-darwin10
Thread model: posix
gcc version 4.2.1 (Apple Inc. build 5646)
configure:2911: $? = 0
configure:2918: gcc -V >&5
gcc-4.2: argument to `-V' is missing
configure:2921: $? = 1
configure:2944: checking for C compiler default output file name
configure:2971: gcc    conftest.c  >&5
configure:2974: $? = 0
configure:3012: result: a.out
configure:3029: checking whether the C compiler works
configure:3039: ./a.out
configure:3042: $? = 0
configure:3059: result: yes
configure:3066: checking whether we are cross compiling
configure:3068: result: no
configure:3071: checking for suffix of executables
configure:3078: gcc -o conftest    conftest.c  >&5
configure:3081: $? = 0
configure:3105: result: 
configure:3111: checking for suffix of object files
configure:3137: gcc -c   conftest.c >&5
configure:3140: $? = 0
configure:3163: result: o
configure:3167: checking whether we are using the GNU C compiler
configure:3196: gcc -c   conftest.c >&5
configure:3202: $? = 0
configure:3219: result: yes
configure:3224: checking whether gcc accepts -g
configure:3254: gcc -c -g  conftest.c >&5
configure:3260: $? = 0
configure:3359: result: yes
configure:3376: checking for gcc option to accept ISO C89
configure:3450: gcc  -c -g -O2  conftest.c >&5
configure:3456: $? = 0
configure:3479: result: none needed
configure:3499: checking dependency style of gcc
configure:3590: result: gcc3
configure:3605: checking for a sed that does not truncate output
configure:3684: result: /usr/bin/sed
configure:3702: checking for grep that handles long lines and -e
configure:3776: result: /usr/bin/grep
configure:3781: checking for egrep
configure:3859: result: /usr/bin/grep -E
configure:3864: checking for fgrep
configure:3942: result: /usr/bin/grep -F
configure:3977: checking for ld used by gcc
configure:4044: result: /usr/libexec/gcc/i686-apple-darwin10/4.2.1/ld
configure:4053: checking if the linker (/usr/libexec/gcc/i686-apple-darwin10/4.2.1/ld) is GNU ld
configure:4068: result: no
configure:4080: checking for BSD- or MS-compatible name lister (nm)
configure:4129: result: /usr/bin/nm
configure:4251: checking the name lister (/usr/bin/nm) interface
configure:4258: gcc -c -g -O2  conftest.c >&5
configure:4261: /usr/bin/nm "conftest.o"
configure:4264: output
00000000000001ac D _some_variable
configure:4271: result: BSD nm
configure:4274: checking whether ln -s works
configure:4278: result: yes
configure:4286: checking the maximum length of command line arguments
configure:4406: result: 196608
configure:4423: checking whether the shell understands some XSI constructs
configure:4433: result: yes
configure:4437: checking whether the shell understands "+="
configure:4443: result: yes
configure:4478: checking for /usr/libexec/gcc/i686-apple-darwin10/4.2.1/ld option to reload object files
configure:4485: result: -r
configure:4512: checking how to recognize dependent libraries
configure:4702: result: pass_all
configure:4762: checking for ar
configure:4778: found /usr/bin/ar
configure:4789: result: ar
configure:4871: checking for strip
configure:4887: found /usr/bin/strip
configure:4898: result: strip
configure:4974: checking for ranlib
configure:4990: found /usr/bin/ranlib
configure:5001: result: ranlib
configure:5095: checking command to parse /usr/bin/nm output from gcc object
configure:5213: gcc -c -g -O2  conftest.c >&5
configure:5216: $? = 0
configure:5220: /usr/bin/nm conftest.o \| sed -n -e 's/^.*[	 ]\([BCDEGRST][BCDEGRST]*\)[	 ][	 ]*\([_A-Za-z][_A-Za-z0-9]*\)$/\1 \2 \2/p' \> conftest.nm
configure:5223: $? = 0
cannot find nm_test_var in conftest.nm
configure:5213: gcc -c -g -O2  conftest.c >&5
configure:5216: $? = 0
configure:5220: /usr/bin/nm conftest.o \| sed -n -e 's/^.*[	 ]\([BCDEGRST][BCDEGRST]*\)[	 ][	 ]*_\([_A-Za-z][_A-Za-z0-9]*\)$/\1 _\2 \2/p' \> conftest.nm
configure:5223: $? = 0
configure:5277: gcc -o conftest -g -O2   conftest.c conftstm.o >&5
configure:5280: $? = 0
configure:5318: result: ok
configure:5608: checking for dsymutil
configure:5624: found /usr/bin/dsymutil
configure:5635: result: dsymutil
configure:5704: checking for nmedit
configure:5720: found /usr/bin/nmedit
configure:5731: result: nmedit
configure:5800: checking for lipo
configure:5816: found /usr/bin/lipo
configure:5827: result: lipo
configure:5896: checking for otool
configure:5912: found /usr/bin/otool
configure:5923: result: otool
configure:5992: checking for otool64
configure:6022: result: no
configure:6071: checking for -single_module linker flag
gcc -g -O2  -o libconftest.dylib -dynamiclib -Wl,-single_module conftest.c
configure:6098: result: yes
configure:6100: checking for -exported_symbols_list linker flag
configure:6130: gcc -o conftest -g -O2   -Wl,-exported_symbols_list,conftest.sym conftest.c  >&5
configure:6136: $? = 0
configure:6155: result: yes
configure:6197: checking how to run the C preprocessor
configure:6237: gcc -E  conftest.c
configure:6243: $? = 0
configure:6274: gcc -E  conftest.c
conftest.c:10:28: error: ac_nonexistent.h: No such file or directory
configure:6280: $? = 1
configure: failed program was:
| /* confdefs.h.  */
| #define PACKAGE_NAME "libhdfs"
| #define PACKAGE_TARNAME "libhdfs"
| #define PACKAGE_VERSION "0.1.0"
| #define PACKAGE_STRING "libhdfs 0.1.0"
| #define PACKAGE_BUGREPORT "omalley@apache.org"
| #define PACKAGE "libhdfs"
| #define VERSION "0.1.0"
| /* end confdefs.h.  */
| #include <ac_nonexistent.h>
configure:6313: result: gcc -E
configure:6342: gcc -E  conftest.c
configure:6348: $? = 0
configure:6379: gcc -E  conftest.c
conftest.c:10:28: error: ac_nonexistent.h: No such file or directory
configure:6385: $? = 1
configure: failed program was:
| /* confdefs.h.  */
| #define PACKAGE_NAME "libhdfs"
| #define PACKAGE_TARNAME "libhdfs"
| #define PACKAGE_VERSION "0.1.0"
| #define PACKAGE_STRING "libhdfs 0.1.0"
| #define PACKAGE_BUGREPORT "omalley@apache.org"
| #define PACKAGE "libhdfs"
| #define VERSION "0.1.0"
| /* end confdefs.h.  */
| #include <ac_nonexistent.h>
configure:6423: checking for ANSI C header files
configure:6453: gcc -c -g -O2  conftest.c >&5
configure:6459: $? = 0
configure:6558: gcc -o conftest -g -O2   conftest.c  >&5
configure:6561: $? = 0
configure:6567: ./conftest
configure:6570: $? = 0
configure:6587: result: yes
configure:6611: checking for sys/types.h
configure:6632: gcc -c -g -O2  conftest.c >&5
configure:6638: $? = 0
configure:6654: result: yes
configure:6611: checking for sys/stat.h
configure:6632: gcc -c -g -O2  conftest.c >&5
configure:6638: $? = 0
configure:6654: result: yes
configure:6611: checking for stdlib.h
configure:6632: gcc -c -g -O2  conftest.c >&5
configure:6638: $? = 0
configure:6654: result: yes
configure:6611: checking for string.h
configure:6632: gcc -c -g -O2  conftest.c >&5
configure:6638: $? = 0
configure:6654: result: yes
configure:6611: checking for memory.h
configure:6632: gcc -c -g -O2  conftest.c >&5
configure:6638: $? = 0
configure:6654: result: yes
configure:6611: checking for strings.h
configure:6632: gcc -c -g -O2  conftest.c >&5
configure:6638: $? = 0
configure:6654: result: yes
configure:6611: checking for inttypes.h
configure:6632: gcc -c -g -O2  conftest.c >&5
configure:6638: $? = 0
configure:6654: result: yes
configure:6611: checking for stdint.h
configure:6632: gcc -c -g -O2  conftest.c >&5
configure:6638: $? = 0
configure:6654: result: yes
configure:6611: checking for unistd.h
configure:6632: gcc -c -g -O2  conftest.c >&5
configure:6638: $? = 0
configure:6654: result: yes
configure:6670: checking for dlfcn.h
configure:6691: gcc -c -g -O2  conftest.c >&5
configure:6697: $? = 0
configure:6713: result: yes
configure:6897: checking for objdir
configure:6912: result: .libs
configure:7204: checking if gcc supports -fno-rtti -fno-exceptions
configure:7222: gcc -c -g -O2  -fno-rtti -fno-exceptions conftest.c >&5
cc1: warning: command line option "-fno-rtti" is valid for C++/ObjC++ but not for C
configure:7226: $? = 0
configure:7239: result: no
configure:7259: checking for gcc option to produce PIC
configure:7516: result: -fno-common -DPIC
configure:7528: checking if gcc PIC flag -fno-common -DPIC works
configure:7546: gcc -c -g -O2  -fno-common -DPIC -DPIC conftest.c >&5
configure:7550: $? = 0
configure:7563: result: yes
configure:7587: checking if gcc static flag -static works
configure:7615: result: no
configure:7630: checking if gcc supports -c -o file.o
configure:7651: gcc -c -g -O2  -o out/conftest2.o conftest.c >&5
configure:7655: $? = 0
configure:7677: result: yes
configure:7685: checking if gcc supports -c -o file.o
configure:7732: result: yes
configure:7765: checking whether the gcc linker (/usr/libexec/gcc/i686-apple-darwin10/4.2.1/ld) supports shared libraries
configure:8819: result: yes
configure:9058: checking dynamic linker characteristics
configure:9737: result: darwin10.2.0 dyld
configure:9839: checking how to hardcode library paths into programs
configure:9864: result: immediate
configure:10677: checking whether stripping libraries is possible
configure:10691: result: yes
configure:10717: checking if libtool supports shared libraries
configure:10719: result: yes
configure:10722: checking whether to build shared libraries
configure:10743: result: yes
configure:10746: checking whether to build static libraries
configure:10750: result: yes

## ---------------- ##
## Cache variables. ##
## ---------------- ##

ac_cv_build=i686-apple-darwin10.2.0
ac_cv_c_compiler_gnu=yes
ac_cv_env_CC_set=
ac_cv_env_CC_value=
ac_cv_env_CFLAGS_set=
ac_cv_env_CFLAGS_value=
ac_cv_env_CPPFLAGS_set=
ac_cv_env_CPPFLAGS_value=
ac_cv_env_CPP_set=
ac_cv_env_CPP_value=
ac_cv_env_LDFLAGS_set=
ac_cv_env_LDFLAGS_value=
ac_cv_env_LIBS_set=
ac_cv_env_LIBS_value=
ac_cv_env_build_alias_set=
ac_cv_env_build_alias_value=
ac_cv_env_host_alias_set=
ac_cv_env_host_alias_value=
ac_cv_env_target_alias_set=
ac_cv_env_target_alias_value=
ac_cv_header_dlfcn_h=yes
ac_cv_header_inttypes_h=yes
ac_cv_header_memory_h=yes
ac_cv_header_stdc=yes
ac_cv_header_stdint_h=yes
ac_cv_header_stdlib_h=yes
ac_cv_header_string_h=yes
ac_cv_header_strings_h=yes
ac_cv_header_sys_stat_h=yes
ac_cv_header_sys_types_h=yes
ac_cv_header_unistd_h=yes
ac_cv_host=i686-apple-darwin10.2.0
ac_cv_objext=o
ac_cv_path_EGREP='/usr/bin/grep -E'
ac_cv_path_FGREP='/usr/bin/grep -F'
ac_cv_path_GREP=/usr/bin/grep
ac_cv_path_SED=/usr/bin/sed
ac_cv_path_install='/usr/bin/install -c'
ac_cv_prog_AWK=awk
ac_cv_prog_CPP='gcc -E'
ac_cv_prog_ac_ct_AR=ar
ac_cv_prog_ac_ct_CC=gcc
ac_cv_prog_ac_ct_DSYMUTIL=dsymutil
ac_cv_prog_ac_ct_LIPO=lipo
ac_cv_prog_ac_ct_NMEDIT=nmedit
ac_cv_prog_ac_ct_OTOOL=otool
ac_cv_prog_ac_ct_RANLIB=ranlib
ac_cv_prog_ac_ct_STRIP=strip
ac_cv_prog_cc_c89=
ac_cv_prog_cc_g=yes
ac_cv_prog_make_make_set=yes
am_cv_CC_dependencies_compiler_type=gcc3
lt_cv_apple_cc_single_mod=yes
lt_cv_deplibs_check_method=pass_all
lt_cv_file_magic_cmd='$MAGIC_CMD'
lt_cv_file_magic_test_file=
lt_cv_ld_exported_symbols_list=yes
lt_cv_ld_reload_flag=-r
lt_cv_nm_interface='BSD nm'
lt_cv_objdir=.libs
lt_cv_path_LD=/usr/libexec/gcc/i686-apple-darwin10/4.2.1/ld
lt_cv_path_NM=/usr/bin/nm
lt_cv_prog_compiler_c_o=yes
lt_cv_prog_compiler_pic_works=yes
lt_cv_prog_compiler_rtti_exceptions=no
lt_cv_prog_compiler_static_works=no
lt_cv_prog_gnu_ld=no
lt_cv_sys_global_symbol_pipe='sed -n -e '\''s/^.*[	 ]\([BCDEGRST][BCDEGRST]*\)[	 ][	 ]*_\([_A-Za-z][_A-Za-z0-9]*\)$/\1 _\2 \2/p'\'''
lt_cv_sys_global_symbol_to_c_name_address='sed -n -e '\''s/^: \([^ ]*\) $/  {\"\1\", (void *) 0},/p'\'' -e '\''s/^[BCDEGRST]* \([^ ]*\) \([^ ]*\)$/  {"\2", (void *) \&\2},/p'\'''
lt_cv_sys_global_symbol_to_c_name_address_lib_prefix='sed -n -e '\''s/^: \([^ ]*\) $/  {\"\1\", (void *) 0},/p'\'' -e '\''s/^[BCDEGRST]* \([^ ]*\) \(lib[^ ]*\)$/  {"\2", (void *) \&\2},/p'\'' -e '\''s/^[BCDEGRST]* \([^ ]*\) \([^ ]*\)$/  {"lib\2", (void *) \&\2},/p'\'''
lt_cv_sys_global_symbol_to_cdecl='sed -n -e '\''s/^T .* \(.*\)$/extern int \1();/p'\'' -e '\''s/^[BCDEGRST]* .* \(.*\)$/extern char \1;/p'\'''
lt_cv_sys_max_cmd_len=196608

## ----------------- ##
## Output variables. ##
## ----------------- ##

ACLOCAL='${SHELL} /Users/poon/twitter/scribe/scribe-dependencies/hadoop-0.20.1+152/src/c++/libhdfs/missing --run aclocal-1.10'
AMDEPBACKSLASH='\'
AMDEP_FALSE='#'
AMDEP_TRUE=''
AMTAR='${SHELL} /Users/poon/twitter/scribe/scribe-dependencies/hadoop-0.20.1+152/src/c++/libhdfs/missing --run tar'
AR='ar'
AUTOCONF='${SHELL} /Users/poon/twitter/scribe/scribe-dependencies/hadoop-0.20.1+152/src/c++/libhdfs/missing --run autoconf'
AUTOHEADER='${SHELL} /Users/poon/twitter/scribe/scribe-dependencies/hadoop-0.20.1+152/src/c++/libhdfs/missing --run autoheader'
AUTOMAKE='${SHELL} /Users/poon/twitter/scribe/scribe-dependencies/hadoop-0.20.1+152/src/c++/libhdfs/missing --run automake-1.10'
AWK='awk'
CC='gcc'
CCDEPMODE='depmode=gcc3'
CFLAGS='-g -O2'
CPP='gcc -E'
CPPFLAGS=''
CYGPATH_W='echo'
DEFS=''
DEPDIR='.deps'
DSYMUTIL='dsymutil'
DUMPBIN=''
ECHO_C='ECHO_N=''
ECHO_T=''
EGREP='/usr/bin/grep -E'
EXEEXT=''
FGREP='/usr/bin/grep -F'
GREP='/usr/bin/grep'
INSTALL_DATA='${INSTALL} -m 644'
INSTALL_PROGRAM='${INSTALL}'
INSTALL_SCRIPT='${INSTALL}'
INSTALL_STRIP_PROGRAM='$(install_sh) -c -s'
LD='/usr/libexec/gcc/i686-apple-darwin10/4.2.1/ld'
LDCMD=''
LDFLAGS=''
LIBOBJS=''
LIBS=''
LIBTOOL='$(SHELL) $(top_builddir)/libtool'
LIPO='lipo'
LN_S='ln -s'
LTLIBOBJS=''
MAKEINFO='${SHELL} /Users/poon/twitter/scribe/scribe-dependencies/hadoop-0.20.1+152/src/c++/libhdfs/missing --run makeinfo'
NM='/usr/bin/nm'
NMEDIT='nmedit'
OBJEXT='o'
OTOOL64=':'
OTOOL='otool'
PACKAGE='libhdfs'
PACKAGE_BUGREPORT='omalley@apache.org'
PACKAGE_NAME='libhdfs'
PACKAGE_STRING='libhdfs 0.1.0'
PACKAGE_TARNAME='libhdfs'
PACKAGE_VERSION='0.1.0'
PATH_SEPARATOR=':'
PRODUCT_MK=''
RANLIB='ranlib'
SED='/usr/bin/sed'
SET_MAKE=''
SHELL='/bin/sh'
STRIP='strip'
VERSION='0.1.0'
ac_ct_CC='gcc'
ac_ct_DUMPBIN=''
am__fastdepCC_FALSE='#'
am__fastdepCC_TRUE=''
am__include='include'
am__isrc=''
am__leading_dot='.'
am__quote=''
am__tar='${AMTAR} chof - "$$tardir"'
am__untar='${AMTAR} xf -'
bindir='${exec_prefix}/bin'
build='i686-apple-darwin10.2.0'
build_alias=''
build_cpu='i686'
build_os='darwin10.2.0'
build_vendor='apple'
datadir='${datarootdir}'
datarootdir='${prefix}/share'
docdir='${datarootdir}/doc/${PACKAGE_TARNAME}'
dvidir='${docdir}'
exec_prefix='NONE'
host='i686-apple-darwin10.2.0'
host_alias=''
host_cpu='i686'
host_os='darwin10.2.0'
host_vendor='apple'
htmldir='${docdir}'
includedir='${prefix}/include'
infodir='${datarootdir}/info'
install_sh='$(SHELL) /Users/poon/twitter/scribe/scribe-dependencies/hadoop-0.20.1+152/src/c++/libhdfs/install-sh'
libdir='${exec_prefix}/lib'
libexecdir='${exec_prefix}/libexec'
localedir='${datarootdir}/locale'
localstatedir='${prefix}/var'
lt_ECHO='/bin/echo'
mandir='${datarootdir}/man'
mkdir_p='$(top_builddir)/./install-sh -c -d'
oldincludedir='/usr/include'
pdfdir='${docdir}'
prefix='NONE'
program_transform_name='s,x,x,'
psdir='${docdir}'
sbindir='${exec_prefix}/sbin'
sharedstatedir='${prefix}/com'
sysconfdir='${prefix}/etc'
target_alias=''

## ----------- ##
## confdefs.h. ##
## ----------- ##

#define PACKAGE_NAME "libhdfs"
#define PACKAGE_TARNAME "libhdfs"
#define PACKAGE_VERSION "0.1.0"
#define PACKAGE_STRING "libhdfs 0.1.0"
#define PACKAGE_BUGREPORT "omalley@apache.org"
#define PACKAGE "libhdfs"
#define VERSION "0.1.0"
#define STDC_HEADERS 1
#define HAVE_SYS_TYPES_H 1
#define HAVE_SYS_STAT_H 1
#define HAVE_STDLIB_H 1
#define HAVE_STRING_H 1
#define HAVE_MEMORY_H 1
#define HAVE_STRINGS_H 1
#define HAVE_INTTYPES_H 1
#define HAVE_STDINT_H 1
#define HAVE_UNISTD_H 1
#define HAVE_DLFCN_H 1
#define LT_OBJDIR ".libs/"

configure: exit 258
