This file contains any messages produced by compilers while
running configure, to aid debugging if configure makes a mistake.

It was created by configure, which was
generated by GNU Autoconf 2.63.  Invocation command line was

  $ ./configure 

## --------- ##
## Platform. ##
## --------- ##

hostname = toonces.local
uname -m = i386
uname -r = 10.2.0
uname -s = Darwin
uname -v = Darwin Kernel Version 10.2.0: Tue Nov  3 10:37:10 PST 2009; root:xnu-1486.2.11~1/RELEASE_I386

/usr/bin/uname -p = i386
/bin/uname -X     = unknown

/bin/arch              = unknown
/usr/bin/arch -k       = unknown
/usr/convex/getsysinfo = unknown
/usr/bin/hostinfo      = Mach kernel version:
	 Darwin Kernel Version 10.2.0: Tue Nov  3 10:37:10 PST 2009; root:xnu-1486.2.11~1/RELEASE_I386
Kernel configured for up to 2 processors.
2 processors are physically available.
2 processors are logically available.
Processor type: i486 (Intel 80486)
Processors active: 0 1
Primary memory available: 4.00 gigabytes
Default processor set: 91 tasks, 371 threads, 2 processors
Load average: 1.38, Mach factor: 1.15
/bin/machine           = unknown
/usr/bin/oslevel       = unknown
/bin/universe          = unknown

PATH: /opt/local/bin
PATH: /opt/local/sbin
PATH: /usr/bin
PATH: /bin
PATH: /usr/sbin
PATH: /sbin
PATH: /usr/local/bin
PATH: /usr/X11/bin


## ----------- ##
## Core tests. ##
## ----------- ##

configure:2077: checking for a BSD-compatible install
configure:2145: result: /usr/bin/install -c
configure:2156: checking whether build environment is sane
configure:2199: result: yes
configure:2224: checking for a thread-safe mkdir -p
configure:2263: result: ./install-sh -c -d
configure:2276: checking for gawk
configure:2306: result: no
configure:2276: checking for mawk
configure:2306: result: no
configure:2276: checking for nawk
configure:2306: result: no
configure:2276: checking for awk
configure:2292: found /usr/bin/awk
configure:2303: result: awk
configure:2314: checking whether make sets $(MAKE)
configure:2336: result: yes
configure:2575: checking for gcc
configure:2591: found /usr/bin/gcc
configure:2602: result: gcc
configure:2834: checking for C compiler version
configure:2842: gcc --version >&5
i686-apple-darwin10-gcc-4.2.1 (GCC) 4.2.1 (Apple Inc. build 5646)
Copyright (C) 2007 Free Software Foundation, Inc.
This is free software; see the source for copying conditions.  There is NO
warranty; not even for MERCHANTABILITY or FITNESS FOR A PARTICULAR PURPOSE.

configure:2846: $? = 0
configure:2853: gcc -v >&5
Using built-in specs.
Target: i686-apple-darwin10
Configured with: /var/tmp/gcc/gcc-5646~6/src/configure --disable-checking --enable-werror --prefix=/usr --mandir=/share/man --enable-languages=c,objc,c++,obj-c++ --program-transform-name=/^[cg][^.-]*$/s/$/-4.2/ --with-slibdir=/usr/lib --build=i686-apple-darwin10 --with-gxx-include-dir=/include/c++/4.2.1 --program-prefix=i686-apple-darwin10- --host=x86_64-apple-darwin10 --target=i686-apple-darwin10
Thread model: posix
gcc version 4.2.1 (Apple Inc. build 5646)
configure:2857: $? = 0
configure:2864: gcc -V >&5
gcc-4.2: argument to `-V' is missing
configure:2868: $? = 1
configure:2891: checking for C compiler default output file name
configure:2913: gcc    conftest.c  >&5
configure:2917: $? = 0
configure:2955: result: a.out
configure:2974: checking whether the C compiler works
configure:2984: ./a.out
configure:2988: $? = 0
configure:3007: result: yes
configure:3014: checking whether we are cross compiling
configure:3016: result: no
configure:3019: checking for suffix of executables
configure:3026: gcc -o conftest    conftest.c  >&5
configure:3030: $? = 0
configure:3056: result: 
configure:3062: checking for suffix of object files
configure:3088: gcc -c   conftest.c >&5
configure:3092: $? = 0
configure:3117: result: o
configure:3121: checking whether we are using the GNU C compiler
configure:3150: gcc -c   conftest.c >&5
configure:3157: $? = 0
configure:3174: result: yes
configure:3183: checking whether gcc accepts -g
configure:3213: gcc -c -g  conftest.c >&5
configure:3220: $? = 0
configure:3321: result: yes
configure:3338: checking for gcc option to accept ISO C89
configure:3412: gcc  -c -g -O2  conftest.c >&5
configure:3419: $? = 0
configure:3442: result: none needed
configure:3471: checking for style of include used by make
configure:3499: result: GNU
configure:3524: checking dependency style of gcc
configure:3615: result: none
configure:3644: checking for a BSD-compatible install
configure:3712: result: /usr/bin/install -c
configure:3723: checking whether ln -s works
configure:3727: result: yes
configure:3741: checking how to run the C preprocessor
configure:3781: gcc -E  conftest.c
configure:3788: $? = 0
configure:3819: gcc -E  conftest.c
conftest.c:10:28: error: ac_nonexistent.h: No such file or directory
configure:3826: $? = 1
configure: failed program was:
| /* confdefs.h.  */
| #define PACKAGE_NAME ""
| #define PACKAGE_TARNAME ""
| #define PACKAGE_VERSION ""
| #define PACKAGE_STRING ""
| #define PACKAGE_BUGREPORT ""
| #define PACKAGE "libevent"
| #define VERSION "1.4.11-stable"
| /* end confdefs.h.  */
| #include <ac_nonexistent.h>
configure:3859: result: gcc -E
configure:3888: gcc -E  conftest.c
configure:3895: $? = 0
configure:3926: gcc -E  conftest.c
conftest.c:10:28: error: ac_nonexistent.h: No such file or directory
configure:3933: $? = 1
configure: failed program was:
| /* confdefs.h.  */
| #define PACKAGE_NAME ""
| #define PACKAGE_TARNAME ""
| #define PACKAGE_VERSION ""
| #define PACKAGE_STRING ""
| #define PACKAGE_BUGREPORT ""
| #define PACKAGE "libevent"
| #define VERSION "1.4.11-stable"
| /* end confdefs.h.  */
| #include <ac_nonexistent.h>
configure:3973: checking for grep that handles long lines and -e
configure:4033: result: /usr/bin/grep
configure:4038: checking for egrep
configure:4102: result: /usr/bin/grep -E
configure:4108: checking whether gcc needs -traditional
conftest.c:10:20: error: termio.h: No such file or directory
configure:4150: result: no
configure:4245: checking build system type
configure:4263: result: i386-apple-darwin10.2.0
configure:4285: checking host system type
configure:4300: result: i386-apple-darwin10.2.0
configure:4322: checking for a sed that does not truncate output
configure:4378: result: /usr/bin/sed
configure:4392: checking for ld used by gcc
configure:4459: result: /usr/libexec/gcc/i686-apple-darwin10/4.2.1/ld
configure:4468: checking if the linker (/usr/libexec/gcc/i686-apple-darwin10/4.2.1/ld) is GNU ld
configure:4483: result: no
configure:4488: checking for /usr/libexec/gcc/i686-apple-darwin10/4.2.1/ld option to reload object files
configure:4495: result: -r
configure:4513: checking for BSD-compatible nm
configure:4562: result: /usr/bin/nm
configure:4566: checking how to recognize dependent libraries
configure:4752: result: pass_all
configure:4995: checking for ANSI C header files
configure:5025: gcc -c -g -O2 -Wall  conftest.c >&5
configure:5032: $? = 0
configure:5131: gcc -o conftest -g -O2 -Wall   conftest.c  >&5
configure:5135: $? = 0
configure:5141: ./conftest
configure:5145: $? = 0
configure:5163: result: yes
configure:5187: checking for sys/types.h
configure:5208: gcc -c -g -O2 -Wall  conftest.c >&5
configure:5215: $? = 0
configure:5232: result: yes
configure:5187: checking for sys/stat.h
configure:5208: gcc -c -g -O2 -Wall  conftest.c >&5
configure:5215: $? = 0
configure:5232: result: yes
configure:5187: checking for stdlib.h
configure:5208: gcc -c -g -O2 -Wall  conftest.c >&5
configure:5215: $? = 0
configure:5232: result: yes
configure:5187: checking for string.h
configure:5208: gcc -c -g -O2 -Wall  conftest.c >&5
configure:5215: $? = 0
configure:5232: result: yes
configure:5187: checking for memory.h
configure:5208: gcc -c -g -O2 -Wall  conftest.c >&5
configure:5215: $? = 0
configure:5232: result: yes
configure:5187: checking for strings.h
configure:5208: gcc -c -g -O2 -Wall  conftest.c >&5
configure:5215: $? = 0
configure:5232: result: yes
configure:5187: checking for inttypes.h
configure:5208: gcc -c -g -O2 -Wall  conftest.c >&5
configure:5215: $? = 0
configure:5232: result: yes
configure:5187: checking for stdint.h
configure:5208: gcc -c -g -O2 -Wall  conftest.c >&5
configure:5215: $? = 0
configure:5232: result: yes
configure:5187: checking for unistd.h
configure:5208: gcc -c -g -O2 -Wall  conftest.c >&5
configure:5215: $? = 0
configure:5232: result: yes
configure:5262: checking dlfcn.h usability
configure:5279: gcc -c -g -O2 -Wall  conftest.c >&5
configure:5286: $? = 0
configure:5300: result: yes
configure:5304: checking dlfcn.h presence
configure:5319: gcc -E  conftest.c
configure:5326: $? = 0
configure:5340: result: yes
configure:5368: checking for dlfcn.h
configure:5377: result: yes
configure:5450: checking for g++
configure:5466: found /usr/bin/g++
configure:5477: result: g++
configure:5504: checking for C++ compiler version
configure:5512: g++ --version >&5
i686-apple-darwin10-g++-4.2.1 (GCC) 4.2.1 (Apple Inc. build 5646)
Copyright (C) 2007 Free Software Foundation, Inc.
This is free software; see the source for copying conditions.  There is NO
warranty; not even for MERCHANTABILITY or FITNESS FOR A PARTICULAR PURPOSE.

configure:5516: $? = 0
configure:5523: g++ -v >&5
Using built-in specs.
Target: i686-apple-darwin10
Configured with: /var/tmp/gcc/gcc-5646~6/src/configure --disable-checking --enable-werror --prefix=/usr --mandir=/share/man --enable-languages=c,objc,c++,obj-c++ --program-transform-name=/^[cg][^.-]*$/s/$/-4.2/ --with-slibdir=/usr/lib --build=i686-apple-darwin10 --with-gxx-include-dir=/include/c++/4.2.1 --program-prefix=i686-apple-darwin10- --host=x86_64-apple-darwin10 --target=i686-apple-darwin10
Thread model: posix
gcc version 4.2.1 (Apple Inc. build 5646)
configure:5527: $? = 0
configure:5534: g++ -V >&5
g++-4.2: argument to `-V' is missing
configure:5538: $? = 1
configure:5541: checking whether we are using the GNU C++ compiler
configure:5570: g++ -c   conftest.cpp >&5
configure:5577: $? = 0
configure:5594: result: yes
configure:5603: checking whether g++ accepts -g
configure:5633: g++ -c -g  conftest.cpp >&5
configure:5640: $? = 0
configure:5741: result: yes
configure:5766: checking dependency style of g++
configure:5857: result: none
configure:5882: checking how to run the C++ preprocessor
configure:5918: g++ -E  conftest.cpp
configure:5925: $? = 0
configure:5956: g++ -E  conftest.cpp
conftest.cpp:21:28: error: ac_nonexistent.h: No such file or directory
configure:5963: $? = 1
configure: failed program was:
| /* confdefs.h.  */
| #define PACKAGE_NAME ""
| #define PACKAGE_TARNAME ""
| #define PACKAGE_VERSION ""
| #define PACKAGE_STRING ""
| #define PACKAGE_BUGREPORT ""
| #define PACKAGE "libevent"
| #define VERSION "1.4.11-stable"
| #define STDC_HEADERS 1
| #define HAVE_SYS_TYPES_H 1
| #define HAVE_SYS_STAT_H 1
| #define HAVE_STDLIB_H 1
| #define HAVE_STRING_H 1
| #define HAVE_MEMORY_H 1
| #define HAVE_STRINGS_H 1
| #define HAVE_INTTYPES_H 1
| #define HAVE_STDINT_H 1
| #define HAVE_UNISTD_H 1
| #define HAVE_DLFCN_H 1
| /* end confdefs.h.  */
| #include <ac_nonexistent.h>
configure:5996: result: g++ -E
configure:6025: g++ -E  conftest.cpp
configure:6032: $? = 0
configure:6063: g++ -E  conftest.cpp
conftest.cpp:21:28: error: ac_nonexistent.h: No such file or directory
configure:6070: $? = 1
configure: failed program was:
| /* confdefs.h.  */
| #define PACKAGE_NAME ""
| #define PACKAGE_TARNAME ""
| #define PACKAGE_VERSION ""
| #define PACKAGE_STRING ""
| #define PACKAGE_BUGREPORT ""
| #define PACKAGE "libevent"
| #define VERSION "1.4.11-stable"
| #define STDC_HEADERS 1
| #define HAVE_SYS_TYPES_H 1
| #define HAVE_SYS_STAT_H 1
| #define HAVE_STDLIB_H 1
| #define HAVE_STRING_H 1
| #define HAVE_MEMORY_H 1
| #define HAVE_STRINGS_H 1
| #define HAVE_INTTYPES_H 1
| #define HAVE_STDINT_H 1
| #define HAVE_UNISTD_H 1
| #define HAVE_DLFCN_H 1
| /* end confdefs.h.  */
| #include <ac_nonexistent.h>
configure:6165: checking for g77
configure:6195: result: no
configure:6165: checking for xlf
configure:6195: result: no
configure:6165: checking for f77
configure:6195: result: no
configure:6165: checking for frt
configure:6195: result: no
configure:6165: checking for pgf77
configure:6195: result: no
configure:6165: checking for cf77
configure:6195: result: no
configure:6165: checking for fort77
configure:6195: result: no
configure:6165: checking for fl32
configure:6195: result: no
configure:6165: checking for af77
configure:6195: result: no
configure:6165: checking for xlf90
configure:6195: result: no
configure:6165: checking for f90
configure:6195: result: no
configure:6165: checking for pgf90
configure:6195: result: no
configure:6165: checking for pghpf
configure:6195: result: no
configure:6165: checking for epcf90
configure:6195: result: no
configure:6165: checking for gfortran
configure:6195: result: no
configure:6165: checking for g95
configure:6195: result: no
configure:6165: checking for xlf95
configure:6195: result: no
configure:6165: checking for f95
configure:6195: result: no
configure:6165: checking for fort
configure:6195: result: no
configure:6165: checking for ifort
configure:6195: result: no
configure:6165: checking for ifc
configure:6195: result: no
configure:6165: checking for efc
configure:6195: result: no
configure:6165: checking for pgf95
configure:6195: result: no
configure:6165: checking for lf95
configure:6195: result: no
configure:6165: checking for ftn
configure:6195: result: no
configure:6218: checking for Fortran 77 compiler version
configure:6226:  --version >&5
./configure: line 6228: --version: command not found
configure:6230: $? = 127
configure:6237:  -v >&5
./configure: line 6239: -v: command not found
configure:6241: $? = 127
configure:6248:  -V >&5
./configure: line 6250: -V: command not found
configure:6252: $? = 127
configure:6260: checking whether we are using the GNU Fortran 77 compiler
configure:6279:  -c  conftest.F >&5
./configure: line 6281: -c: command not found
configure:6286: $? = 127
configure: failed program was:
|       program main
| #ifndef __GNUC__
|        choke me
| #endif
| 
|       end
configure:6303: result: no
configure:6309: checking whether  accepts -g
configure:6326:  -c -g conftest.f >&5
./configure: line 6328: -c: command not found
configure:6333: $? = 127
configure: failed program was:
|       program main
| 
|       end
configure:6349: result: no
configure:6382: checking the maximum length of command line arguments
configure:6494: result: 196608
configure:6506: checking command to parse /usr/bin/nm output from gcc object
configure:6611: gcc -c -g -O2 -Wall  conftest.c >&5
configure:6614: $? = 0
configure:6618: /usr/bin/nm conftest.o \| sed -n -e 's/^.*[ 	]\([BCDEGRST][BCDEGRST]*\)[ 	][ 	]*\([_A-Za-z][_A-Za-z0-9]*\)$/\1 \2 \2/p' \> conftest.nm
configure:6621: $? = 0
cannot find nm_test_var in conftest.nm
configure:6611: gcc -c -g -O2 -Wall  conftest.c >&5
configure:6614: $? = 0
configure:6618: /usr/bin/nm conftest.o \| sed -n -e 's/^.*[ 	]\([BCDEGRST][BCDEGRST]*\)[ 	][ 	]*_\([_A-Za-z][_A-Za-z0-9]*\)$/\1 _\2 \2/p' \> conftest.nm
configure:6621: $? = 0
configure:6673: gcc -o conftest -g -O2 -Wall   conftest.c conftstm.o >&5
configure:6676: $? = 0
configure:6714: result: ok
configure:6718: checking for objdir
configure:6733: result: .libs
configure:6825: checking for ar
configure:6841: found /usr/bin/ar
configure:6852: result: ar
configure:6917: checking for ranlib
configure:6933: found /usr/bin/ranlib
configure:6944: result: ranlib
configure:7009: checking for strip
configure:7025: found /usr/bin/strip
configure:7036: result: strip
configure:7289: checking for dsymutil
configure:7305: found /usr/bin/dsymutil
configure:7316: result: dsymutil
configure:7381: checking for nmedit
configure:7397: found /usr/bin/nmedit
configure:7408: result: nmedit
configure:7431: checking for -single_module linker flag
configure:7452: result: yes
configure:7454: checking for -exported_symbols_list linker flag
configure:7484: gcc -o conftest -g -O2 -Wall   -Wl,-exported_symbols_list,conftest.sym conftest.c  >&5
configure:7491: $? = 0
configure:7513: result: yes
configure:7626: checking if gcc supports -fno-rtti -fno-exceptions
configure:7644: gcc -c -g -O2 -Wall  -fno-rtti -fno-exceptions conftest.c >&5
cc1: warning: command line option "-fno-rtti" is valid for C++/ObjC++ but not for C
configure:7648: $? = 0
configure:7661: result: no
configure:7676: checking for gcc option to produce PIC
configure:7908: result: -fno-common
configure:7916: checking if gcc PIC flag -fno-common works
configure:7934: gcc -c -g -O2 -Wall  -fno-common -DPIC conftest.c >&5
configure:7938: $? = 0
configure:7951: result: yes
configure:7979: checking if gcc static flag -static works
configure:8007: result: no
configure:8017: checking if gcc supports -c -o file.o
configure:8038: gcc -c -g -O2 -Wall  -o out/conftest2.o conftest.c >&5
configure:8042: $? = 0
configure:8064: result: yes
configure:8090: checking whether the gcc linker (/usr/libexec/gcc/i686-apple-darwin10/4.2.1/ld) supports shared libraries
configure:9060: result: yes
configure:9127: checking dynamic linker characteristics
configure:9729: result: darwin10.2.0 dyld
configure:9753: checking how to hardcode library paths into programs
configure:9778: result: immediate
configure:9792: checking whether stripping libraries is possible
configure:9806: result: yes
configure:10627: checking if libtool supports shared libraries
configure:10629: result: yes
configure:10632: checking whether to build shared libraries
configure:10653: result: yes
configure:10656: checking whether to build static libraries
configure:10660: result: yes
configure:10754: creating libtool
configure:11347: checking for ld used by g++
configure:11414: result: /usr/libexec/gcc/i686-apple-darwin10/4.2.1/ld
configure:11423: checking if the linker (/usr/libexec/gcc/i686-apple-darwin10/4.2.1/ld) is GNU ld
configure:11438: result: no
configure:11489: checking whether the g++ linker (/usr/libexec/gcc/i686-apple-darwin10/4.2.1/ld) supports shared libraries
configure:12443: result: yes
configure:12460: g++ -c -g -O2  conftest.cpp >&5
configure:12463: $? = 0
configure:12619: checking for g++ option to produce PIC
configure:12903: result: -fno-common
configure:12911: checking if g++ PIC flag -fno-common works
configure:12929: g++ -c -g -O2  -fno-common -DPIC conftest.cpp >&5
configure:12933: $? = 0
configure:12946: result: yes
configure:12974: checking if g++ static flag -static works
configure:13002: result: no
configure:13012: checking if g++ supports -c -o file.o
configure:13033: g++ -c -g -O2  -o out/conftest2.o conftest.cpp >&5
configure:13037: $? = 0
configure:13059: result: yes
configure:13085: checking whether the g++ linker (/usr/libexec/gcc/i686-apple-darwin10/4.2.1/ld) supports shared libraries
configure:13111: result: yes
configure:13178: checking dynamic linker characteristics
configure:13728: result: darwin10.2.0 dyld
configure:13752: checking how to hardcode library paths into programs
configure:13777: result: immediate
configure:19982: checking for socket in -lsocket
configure:20017: gcc -o conftest -g -O2 -Wall   conftest.c -lsocket   >&5
ld: library not found for -lsocket
collect2: ld returned 1 exit status
configure:20024: $? = 1
configure: failed program was:
| /* confdefs.h.  */
| #define PACKAGE_NAME ""
| #define PACKAGE_TARNAME ""
| #define PACKAGE_VERSION ""
| #define PACKAGE_STRING ""
| #define PACKAGE_BUGREPORT ""
| #define PACKAGE "libevent"
| #define VERSION "1.4.11-stable"
| #define STDC_HEADERS 1
| #define HAVE_SYS_TYPES_H 1
| #define HAVE_SYS_STAT_H 1
| #define HAVE_STDLIB_H 1
| #define HAVE_STRING_H 1
| #define HAVE_MEMORY_H 1
| #define HAVE_STRINGS_H 1
| #define HAVE_INTTYPES_H 1
| #define HAVE_STDINT_H 1
| #define HAVE_UNISTD_H 1
| #define HAVE_DLFCN_H 1
| /* end confdefs.h.  */
| 
| /* Override any GCC internal prototype to avoid an error.
|    Use char because int might match the return type of a GCC
|    builtin and then its argument prototype would still apply.  */
| #ifdef __cplusplus
| extern "C"
| #endif
| char socket ();
| int
| main ()
| {
| return socket ();
|   ;
|   return 0;
| }
configure:20045: result: no
configure:20057: checking for inet_aton in -lresolv
configure:20092: gcc -o conftest -g -O2 -Wall   conftest.c -lresolv   >&5
configure:20099: $? = 0
configure:20120: result: yes
configure:20132: checking for clock_gettime in -lrt
configure:20167: gcc -o conftest -g -O2 -Wall   conftest.c -lrt  -lresolv  >&5
ld: library not found for -lrt
collect2: ld returned 1 exit status
configure:20174: $? = 1
configure: failed program was:
| /* confdefs.h.  */
| #define PACKAGE_NAME ""
| #define PACKAGE_TARNAME ""
| #define PACKAGE_VERSION ""
| #define PACKAGE_STRING ""
| #define PACKAGE_BUGREPORT ""
| #define PACKAGE "libevent"
| #define VERSION "1.4.11-stable"
| #define STDC_HEADERS 1
| #define HAVE_SYS_TYPES_H 1
| #define HAVE_SYS_STAT_H 1
| #define HAVE_STDLIB_H 1
| #define HAVE_STRING_H 1
| #define HAVE_MEMORY_H 1
| #define HAVE_STRINGS_H 1
| #define HAVE_INTTYPES_H 1
| #define HAVE_STDINT_H 1
| #define HAVE_UNISTD_H 1
| #define HAVE_DLFCN_H 1
| #define HAVE_LIBRESOLV 1
| /* end confdefs.h.  */
| 
| /* Override any GCC internal prototype to avoid an error.
|    Use char because int might match the return type of a GCC
|    builtin and then its argument prototype would still apply.  */
| #ifdef __cplusplus
| extern "C"
| #endif
| char clock_gettime ();
| int
| main ()
| {
| return clock_gettime ();
|   ;
|   return 0;
| }
configure:20195: result: no
configure:20207: checking for inet_ntoa in -lnsl
configure:20242: gcc -o conftest -g -O2 -Wall   conftest.c -lnsl  -lresolv  >&5
ld: library not found for -lnsl
collect2: ld returned 1 exit status
configure:20249: $? = 1
configure: failed program was:
| /* confdefs.h.  */
| #define PACKAGE_NAME ""
| #define PACKAGE_TARNAME ""
| #define PACKAGE_VERSION ""
| #define PACKAGE_STRING ""
| #define PACKAGE_BUGREPORT ""
| #define PACKAGE "libevent"
| #define VERSION "1.4.11-stable"
| #define STDC_HEADERS 1
| #define HAVE_SYS_TYPES_H 1
| #define HAVE_SYS_STAT_H 1
| #define HAVE_STDLIB_H 1
| #define HAVE_STRING_H 1
| #define HAVE_MEMORY_H 1
| #define HAVE_STRINGS_H 1
| #define HAVE_INTTYPES_H 1
| #define HAVE_STDINT_H 1
| #define HAVE_UNISTD_H 1
| #define HAVE_DLFCN_H 1
| #define HAVE_LIBRESOLV 1
| /* end confdefs.h.  */
| 
| /* Override any GCC internal prototype to avoid an error.
|    Use char because int might match the return type of a GCC
|    builtin and then its argument prototype would still apply.  */
| #ifdef __cplusplus
| extern "C"
| #endif
| char inet_ntoa ();
| int
| main ()
| {
| return inet_ntoa ();
|   ;
|   return 0;
| }
configure:20270: result: no
configure:20282: checking for ANSI C header files
configure:20450: result: yes
configure:20493: checking fcntl.h usability
configure:20510: gcc -c -g -O2 -Wall  conftest.c >&5
configure:20517: $? = 0
configure:20531: result: yes
configure:20535: checking fcntl.h presence
configure:20550: gcc -E  conftest.c
configure:20557: $? = 0
configure:20571: result: yes
configure:20599: checking for fcntl.h
configure:20608: result: yes
configure:20493: checking stdarg.h usability
configure:20510: gcc -c -g -O2 -Wall  conftest.c >&5
configure:20517: $? = 0
configure:20531: result: yes
configure:20535: checking stdarg.h presence
configure:20550: gcc -E  conftest.c
configure:20557: $? = 0
configure:20571: result: yes
configure:20599: checking for stdarg.h
configure:20608: result: yes
configure:20482: checking for inttypes.h
configure:20489: result: yes
configure:20482: checking for stdint.h
configure:20489: result: yes
configure:20493: checking poll.h usability
configure:20510: gcc -c -g -O2 -Wall  conftest.c >&5
configure:20517: $? = 0
configure:20531: result: yes
configure:20535: checking poll.h presence
configure:20550: gcc -E  conftest.c
configure:20557: $? = 0
configure:20571: result: yes
configure:20599: checking for poll.h
configure:20608: result: yes
configure:20493: checking signal.h usability
configure:20510: gcc -c -g -O2 -Wall  conftest.c >&5
configure:20517: $? = 0
configure:20531: result: yes
configure:20535: checking signal.h presence
configure:20550: gcc -E  conftest.c
configure:20557: $? = 0
configure:20571: result: yes
configure:20599: checking for signal.h
configure:20608: result: yes
configure:20482: checking for unistd.h
configure:20489: result: yes
configure:20493: checking sys/epoll.h usability
configure:20510: gcc -c -g -O2 -Wall  conftest.c >&5
conftest.c:63:23: error: sys/epoll.h: No such file or directory
configure:20517: $? = 1
configure: failed program was:
| /* confdefs.h.  */
| #define PACKAGE_NAME ""
| #define PACKAGE_TARNAME ""
| #define PACKAGE_VERSION ""
| #define PACKAGE_STRING ""
| #define PACKAGE_BUGREPORT ""
| #define PACKAGE "libevent"
| #define VERSION "1.4.11-stable"
| #define STDC_HEADERS 1
| #define HAVE_SYS_TYPES_H 1
| #define HAVE_SYS_STAT_H 1
| #define HAVE_STDLIB_H 1
| #define HAVE_STRING_H 1
| #define HAVE_MEMORY_H 1
| #define HAVE_STRINGS_H 1
| #define HAVE_INTTYPES_H 1
| #define HAVE_STDINT_H 1
| #define HAVE_UNISTD_H 1
| #define HAVE_DLFCN_H 1
| #define HAVE_LIBRESOLV 1
| #define STDC_HEADERS 1
| #define HAVE_FCNTL_H 1
| #define HAVE_STDARG_H 1
| #define HAVE_INTTYPES_H 1
| #define HAVE_STDINT_H 1
| #define HAVE_POLL_H 1
| #define HAVE_SIGNAL_H 1
| #define HAVE_UNISTD_H 1
| /* end confdefs.h.  */
| #include <stdio.h>
| #ifdef HAVE_SYS_TYPES_H
| # include <sys/types.h>
| #endif
| #ifdef HAVE_SYS_STAT_H
| # include <sys/stat.h>
| #endif
| #ifdef STDC_HEADERS
| # include <stdlib.h>
| # include <stddef.h>
| #else
| # ifdef HAVE_STDLIB_H
| #  include <stdlib.h>
| # endif
| #endif
| #ifdef HAVE_STRING_H
| # if !defined STDC_HEADERS && defined HAVE_MEMORY_H
| #  include <memory.h>
| # endif
| # include <string.h>
| #endif
| #ifdef HAVE_STRINGS_H
| # include <strings.h>
| #endif
| #ifdef HAVE_INTTYPES_H
| # include <inttypes.h>
| #endif
| #ifdef HAVE_STDINT_H
| # include <stdint.h>
| #endif
| #ifdef HAVE_UNISTD_H
| # include <unistd.h>
| #endif
| #include <sys/epoll.h>
configure:20531: result: no
configure:20535: checking sys/epoll.h presence
configure:20550: gcc -E  conftest.c
conftest.c:30:23: error: sys/epoll.h: No such file or directory
configure:20557: $? = 1
configure: failed program was:
| /* confdefs.h.  */
| #define PACKAGE_NAME ""
| #define PACKAGE_TARNAME ""
| #define PACKAGE_VERSION ""
| #define PACKAGE_STRING ""
| #define PACKAGE_BUGREPORT ""
| #define PACKAGE "libevent"
| #define VERSION "1.4.11-stable"
| #define STDC_HEADERS 1
| #define HAVE_SYS_TYPES_H 1
| #define HAVE_SYS_STAT_H 1
| #define HAVE_STDLIB_H 1
| #define HAVE_STRING_H 1
| #define HAVE_MEMORY_H 1
| #define HAVE_STRINGS_H 1
| #define HAVE_INTTYPES_H 1
| #define HAVE_STDINT_H 1
| #define HAVE_UNISTD_H 1
| #define HAVE_DLFCN_H 1
| #define HAVE_LIBRESOLV 1
| #define STDC_HEADERS 1
| #define HAVE_FCNTL_H 1
| #define HAVE_STDARG_H 1
| #define HAVE_INTTYPES_H 1
| #define HAVE_STDINT_H 1
| #define HAVE_POLL_H 1
| #define HAVE_SIGNAL_H 1
| #define HAVE_UNISTD_H 1
| /* end confdefs.h.  */
| #include <sys/epoll.h>
configure:20571: result: no
configure:20599: checking for sys/epoll.h
configure:20608: result: no
configure:20493: checking sys/time.h usability
configure:20510: gcc -c -g -O2 -Wall  conftest.c >&5
configure:20517: $? = 0
configure:20531: result: yes
configure:20535: checking sys/time.h presence
configure:20550: gcc -E  conftest.c
configure:20557: $? = 0
configure:20571: result: yes
configure:20599: checking for sys/time.h
configure:20608: result: yes
configure:20493: checking sys/queue.h usability
configure:20510: gcc -c -g -O2 -Wall  conftest.c >&5
configure:20517: $? = 0
configure:20531: result: yes
configure:20535: checking sys/queue.h presence
configure:20550: gcc -E  conftest.c
configure:20557: $? = 0
configure:20571: result: yes
configure:20599: checking for sys/queue.h
configure:20608: result: yes
configure:20493: checking sys/event.h usability
configure:20510: gcc -c -g -O2 -Wall  conftest.c >&5
configure:20517: $? = 0
configure:20531: result: yes
configure:20535: checking sys/event.h presence
configure:20550: gcc -E  conftest.c
configure:20557: $? = 0
configure:20571: result: yes
configure:20599: checking for sys/event.h
configure:20608: result: yes
configure:20493: checking sys/param.h usability
configure:20510: gcc -c -g -O2 -Wall  conftest.c >&5
configure:20517: $? = 0
configure:20531: result: yes
configure:20535: checking sys/param.h presence
configure:20550: gcc -E  conftest.c
configure:20557: $? = 0
configure:20571: result: yes
configure:20599: checking for sys/param.h
configure:20608: result: yes
configure:20493: checking sys/ioctl.h usability
configure:20510: gcc -c -g -O2 -Wall  conftest.c >&5
configure:20517: $? = 0
configure:20531: result: yes
configure:20535: checking sys/ioctl.h presence
configure:20550: gcc -E  conftest.c
configure:20557: $? = 0
configure:20571: result: yes
configure:20599: checking for sys/ioctl.h
configure:20608: result: yes
configure:20493: checking sys/select.h usability
configure:20510: gcc -c -g -O2 -Wall  conftest.c >&5
configure:20517: $? = 0
configure:20531: result: yes
configure:20535: checking sys/select.h presence
configure:20550: gcc -E  conftest.c
configure:20557: $? = 0
configure:20571: result: yes
configure:20599: checking for sys/select.h
configure:20608: result: yes
configure:20493: checking sys/devpoll.h usability
configure:20510: gcc -c -g -O2 -Wall  conftest.c >&5
conftest.c:69:25: error: sys/devpoll.h: No such file or directory
configure:20517: $? = 1
configure: failed program was:
| /* confdefs.h.  */
| #define PACKAGE_NAME ""
| #define PACKAGE_TARNAME ""
| #define PACKAGE_VERSION ""
| #define PACKAGE_STRING ""
| #define PACKAGE_BUGREPORT ""
| #define PACKAGE "libevent"
| #define VERSION "1.4.11-stable"
| #define STDC_HEADERS 1
| #define HAVE_SYS_TYPES_H 1
| #define HAVE_SYS_STAT_H 1
| #define HAVE_STDLIB_H 1
| #define HAVE_STRING_H 1
| #define HAVE_MEMORY_H 1
| #define HAVE_STRINGS_H 1
| #define HAVE_INTTYPES_H 1
| #define HAVE_STDINT_H 1
| #define HAVE_UNISTD_H 1
| #define HAVE_DLFCN_H 1
| #define HAVE_LIBRESOLV 1
| #define STDC_HEADERS 1
| #define HAVE_FCNTL_H 1
| #define HAVE_STDARG_H 1
| #define HAVE_INTTYPES_H 1
| #define HAVE_STDINT_H 1
| #define HAVE_POLL_H 1
| #define HAVE_SIGNAL_H 1
| #define HAVE_UNISTD_H 1
| #define HAVE_SYS_TIME_H 1
| #define HAVE_SYS_QUEUE_H 1
| #define HAVE_SYS_EVENT_H 1
| #define HAVE_SYS_PARAM_H 1
| #define HAVE_SYS_IOCTL_H 1
| #define HAVE_SYS_SELECT_H 1
| /* end confdefs.h.  */
| #include <stdio.h>
| #ifdef HAVE_SYS_TYPES_H
| # include <sys/types.h>
| #endif
| #ifdef HAVE_SYS_STAT_H
| # include <sys/stat.h>
| #endif
| #ifdef STDC_HEADERS
| # include <stdlib.h>
| # include <stddef.h>
| #else
| # ifdef HAVE_STDLIB_H
| #  include <stdlib.h>
| # endif
| #endif
| #ifdef HAVE_STRING_H
| # if !defined STDC_HEADERS && defined HAVE_MEMORY_H
| #  include <memory.h>
| # endif
| # include <string.h>
| #endif
| #ifdef HAVE_STRINGS_H
| # include <strings.h>
| #endif
| #ifdef HAVE_INTTYPES_H
| # include <inttypes.h>
| #endif
| #ifdef HAVE_STDINT_H
| # include <stdint.h>
| #endif
| #ifdef HAVE_UNISTD_H
| # include <unistd.h>
| #endif
| #include <sys/devpoll.h>
configure:20531: result: no
configure:20535: checking sys/devpoll.h presence
configure:20550: gcc -E  conftest.c
conftest.c:36:25: error: sys/devpoll.h: No such file or directory
configure:20557: $? = 1
configure: failed program was:
| /* confdefs.h.  */
| #define PACKAGE_NAME ""
| #define PACKAGE_TARNAME ""
| #define PACKAGE_VERSION ""
| #define PACKAGE_STRING ""
| #define PACKAGE_BUGREPORT ""
| #define PACKAGE "libevent"
| #define VERSION "1.4.11-stable"
| #define STDC_HEADERS 1
| #define HAVE_SYS_TYPES_H 1
| #define HAVE_SYS_STAT_H 1
| #define HAVE_STDLIB_H 1
| #define HAVE_STRING_H 1
| #define HAVE_MEMORY_H 1
| #define HAVE_STRINGS_H 1
| #define HAVE_INTTYPES_H 1
| #define HAVE_STDINT_H 1
| #define HAVE_UNISTD_H 1
| #define HAVE_DLFCN_H 1
| #define HAVE_LIBRESOLV 1
| #define STDC_HEADERS 1
| #define HAVE_FCNTL_H 1
| #define HAVE_STDARG_H 1
| #define HAVE_INTTYPES_H 1
| #define HAVE_STDINT_H 1
| #define HAVE_POLL_H 1
| #define HAVE_SIGNAL_H 1
| #define HAVE_UNISTD_H 1
| #define HAVE_SYS_TIME_H 1
| #define HAVE_SYS_QUEUE_H 1
| #define HAVE_SYS_EVENT_H 1
| #define HAVE_SYS_PARAM_H 1
| #define HAVE_SYS_IOCTL_H 1
| #define HAVE_SYS_SELECT_H 1
| /* end confdefs.h.  */
| #include <sys/devpoll.h>
configure:20571: result: no
configure:20599: checking for sys/devpoll.h
configure:20608: result: no
configure:20493: checking port.h usability
configure:20510: gcc -c -g -O2 -Wall  conftest.c >&5
conftest.c:69:18: error: port.h: No such file or directory
configure:20517: $? = 1
configure: failed program was:
| /* confdefs.h.  */
| #define PACKAGE_NAME ""
| #define PACKAGE_TARNAME ""
| #define PACKAGE_VERSION ""
| #define PACKAGE_STRING ""
| #define PACKAGE_BUGREPORT ""
| #define PACKAGE "libevent"
| #define VERSION "1.4.11-stable"
| #define STDC_HEADERS 1
| #define HAVE_SYS_TYPES_H 1
| #define HAVE_SYS_STAT_H 1
| #define HAVE_STDLIB_H 1
| #define HAVE_STRING_H 1
| #define HAVE_MEMORY_H 1
| #define HAVE_STRINGS_H 1
| #define HAVE_INTTYPES_H 1
| #define HAVE_STDINT_H 1
| #define HAVE_UNISTD_H 1
| #define HAVE_DLFCN_H 1
| #define HAVE_LIBRESOLV 1
| #define STDC_HEADERS 1
| #define HAVE_FCNTL_H 1
| #define HAVE_STDARG_H 1
| #define HAVE_INTTYPES_H 1
| #define HAVE_STDINT_H 1
| #define HAVE_POLL_H 1
| #define HAVE_SIGNAL_H 1
| #define HAVE_UNISTD_H 1
| #define HAVE_SYS_TIME_H 1
| #define HAVE_SYS_QUEUE_H 1
| #define HAVE_SYS_EVENT_H 1
| #define HAVE_SYS_PARAM_H 1
| #define HAVE_SYS_IOCTL_H 1
| #define HAVE_SYS_SELECT_H 1
| /* end confdefs.h.  */
| #include <stdio.h>
| #ifdef HAVE_SYS_TYPES_H
| # include <sys/types.h>
| #endif
| #ifdef HAVE_SYS_STAT_H
| # include <sys/stat.h>
| #endif
| #ifdef STDC_HEADERS
| # include <stdlib.h>
| # include <stddef.h>
| #else
| # ifdef HAVE_STDLIB_H
| #  include <stdlib.h>
| # endif
| #endif
| #ifdef HAVE_STRING_H
| # if !defined STDC_HEADERS && defined HAVE_MEMORY_H
| #  include <memory.h>
| # endif
| # include <string.h>
| #endif
| #ifdef HAVE_STRINGS_H
| # include <strings.h>
| #endif
| #ifdef HAVE_INTTYPES_H
| # include <inttypes.h>
| #endif
| #ifdef HAVE_STDINT_H
| # include <stdint.h>
| #endif
| #ifdef HAVE_UNISTD_H
| # include <unistd.h>
| #endif
| #include <port.h>
configure:20531: result: no
configure:20535: checking port.h presence
configure:20550: gcc -E  conftest.c
conftest.c:36:18: error: port.h: No such file or directory
configure:20557: $? = 1
configure: failed program was:
| /* confdefs.h.  */
| #define PACKAGE_NAME ""
| #define PACKAGE_TARNAME ""
| #define PACKAGE_VERSION ""
| #define PACKAGE_STRING ""
| #define PACKAGE_BUGREPORT ""
| #define PACKAGE "libevent"
| #define VERSION "1.4.11-stable"
| #define STDC_HEADERS 1
| #define HAVE_SYS_TYPES_H 1
| #define HAVE_SYS_STAT_H 1
| #define HAVE_STDLIB_H 1
| #define HAVE_STRING_H 1
| #define HAVE_MEMORY_H 1
| #define HAVE_STRINGS_H 1
| #define HAVE_INTTYPES_H 1
| #define HAVE_STDINT_H 1
| #define HAVE_UNISTD_H 1
| #define HAVE_DLFCN_H 1
| #define HAVE_LIBRESOLV 1
| #define STDC_HEADERS 1
| #define HAVE_FCNTL_H 1
| #define HAVE_STDARG_H 1
| #define HAVE_INTTYPES_H 1
| #define HAVE_STDINT_H 1
| #define HAVE_POLL_H 1
| #define HAVE_SIGNAL_H 1
| #define HAVE_UNISTD_H 1
| #define HAVE_SYS_TIME_H 1
| #define HAVE_SYS_QUEUE_H 1
| #define HAVE_SYS_EVENT_H 1
| #define HAVE_SYS_PARAM_H 1
| #define HAVE_SYS_IOCTL_H 1
| #define HAVE_SYS_SELECT_H 1
| /* end confdefs.h.  */
| #include <port.h>
configure:20571: result: no
configure:20599: checking for port.h
configure:20608: result: no
configure:20493: checking netinet/in6.h usability
configure:20510: gcc -c -g -O2 -Wall  conftest.c >&5
conftest.c:69:25: error: netinet/in6.h: No such file or directory
configure:20517: $? = 1
configure: failed program was:
| /* confdefs.h.  */
| #define PACKAGE_NAME ""
| #define PACKAGE_TARNAME ""
| #define PACKAGE_VERSION ""
| #define PACKAGE_STRING ""
| #define PACKAGE_BUGREPORT ""
| #define PACKAGE "libevent"
| #define VERSION "1.4.11-stable"
| #define STDC_HEADERS 1
| #define HAVE_SYS_TYPES_H 1
| #define HAVE_SYS_STAT_H 1
| #define HAVE_STDLIB_H 1
| #define HAVE_STRING_H 1
| #define HAVE_MEMORY_H 1
| #define HAVE_STRINGS_H 1
| #define HAVE_INTTYPES_H 1
| #define HAVE_STDINT_H 1
| #define HAVE_UNISTD_H 1
| #define HAVE_DLFCN_H 1
| #define HAVE_LIBRESOLV 1
| #define STDC_HEADERS 1
| #define HAVE_FCNTL_H 1
| #define HAVE_STDARG_H 1
| #define HAVE_INTTYPES_H 1
| #define HAVE_STDINT_H 1
| #define HAVE_POLL_H 1
| #define HAVE_SIGNAL_H 1
| #define HAVE_UNISTD_H 1
| #define HAVE_SYS_TIME_H 1
| #define HAVE_SYS_QUEUE_H 1
| #define HAVE_SYS_EVENT_H 1
| #define HAVE_SYS_PARAM_H 1
| #define HAVE_SYS_IOCTL_H 1
| #define HAVE_SYS_SELECT_H 1
| /* end confdefs.h.  */
| #include <stdio.h>
| #ifdef HAVE_SYS_TYPES_H
| # include <sys/types.h>
| #endif
| #ifdef HAVE_SYS_STAT_H
| # include <sys/stat.h>
| #endif
| #ifdef STDC_HEADERS
| # include <stdlib.h>
| # include <stddef.h>
| #else
| # ifdef HAVE_STDLIB_H
| #  include <stdlib.h>
| # endif
| #endif
| #ifdef HAVE_STRING_H
| # if !defined STDC_HEADERS && defined HAVE_MEMORY_H
| #  include <memory.h>
| # endif
| # include <string.h>
| #endif
| #ifdef HAVE_STRINGS_H
| # include <strings.h>
| #endif
| #ifdef HAVE_INTTYPES_H
| # include <inttypes.h>
| #endif
| #ifdef HAVE_STDINT_H
| # include <stdint.h>
| #endif
| #ifdef HAVE_UNISTD_H
| # include <unistd.h>
| #endif
| #include <netinet/in6.h>
configure:20531: result: no
configure:20535: checking netinet/in6.h presence
configure:20550: gcc -E  conftest.c
conftest.c:36:25: error: netinet/in6.h: No such file or directory
configure:20557: $? = 1
configure: failed program was:
| /* confdefs.h.  */
| #define PACKAGE_NAME ""
| #define PACKAGE_TARNAME ""
| #define PACKAGE_VERSION ""
| #define PACKAGE_STRING ""
| #define PACKAGE_BUGREPORT ""
| #define PACKAGE "libevent"
| #define VERSION "1.4.11-stable"
| #define STDC_HEADERS 1
| #define HAVE_SYS_TYPES_H 1
| #define HAVE_SYS_STAT_H 1
| #define HAVE_STDLIB_H 1
| #define HAVE_STRING_H 1
| #define HAVE_MEMORY_H 1
| #define HAVE_STRINGS_H 1
| #define HAVE_INTTYPES_H 1
| #define HAVE_STDINT_H 1
| #define HAVE_UNISTD_H 1
| #define HAVE_DLFCN_H 1
| #define HAVE_LIBRESOLV 1
| #define STDC_HEADERS 1
| #define HAVE_FCNTL_H 1
| #define HAVE_STDARG_H 1
| #define HAVE_INTTYPES_H 1
| #define HAVE_STDINT_H 1
| #define HAVE_POLL_H 1
| #define HAVE_SIGNAL_H 1
| #define HAVE_UNISTD_H 1
| #define HAVE_SYS_TIME_H 1
| #define HAVE_SYS_QUEUE_H 1
| #define HAVE_SYS_EVENT_H 1
| #define HAVE_SYS_PARAM_H 1
| #define HAVE_SYS_IOCTL_H 1
| #define HAVE_SYS_SELECT_H 1
| /* end confdefs.h.  */
| #include <netinet/in6.h>
configure:20571: result: no
configure:20599: checking for netinet/in6.h
configure:20608: result: no
configure:20493: checking sys/socket.h usability
configure:20510: gcc -c -g -O2 -Wall  conftest.c >&5
configure:20517: $? = 0
configure:20531: result: yes
configure:20535: checking sys/socket.h presence
configure:20550: gcc -E  conftest.c
configure:20557: $? = 0
configure:20571: result: yes
configure:20599: checking for sys/socket.h
configure:20608: result: yes
configure:20624: checking for TAILQ_FOREACH in sys/queue.h
configure:20641: result: yes
configure:20658: checking for timeradd in sys/time.h
configure:20680: result: yes
configure:20692: checking for timercmp in sys/time.h
configure:20714: result: yes
configure:20726: checking for timerclear in sys/time.h
configure:20748: result: yes
configure:20760: checking for timerisset in sys/time.h
configure:20782: result: yes
configure:20793: checking for WIN32
configure:20820: gcc -c -g -O2 -Wall  conftest.c >&5
conftest.c: In function 'main':
conftest.c:48: error: 'die' undeclared (first use in this function)
conftest.c:48: error: (Each undeclared identifier is reported only once
conftest.c:48: error: for each function it appears in.)
conftest.c:48: error: expected ';' before 'horribly'
configure:20827: $? = 1
configure: failed program was:
| /* confdefs.h.  */
| #define PACKAGE_NAME ""
| #define PACKAGE_TARNAME ""
| #define PACKAGE_VERSION ""
| #define PACKAGE_STRING ""
| #define PACKAGE_BUGREPORT ""
| #define PACKAGE "libevent"
| #define VERSION "1.4.11-stable"
| #define STDC_HEADERS 1
| #define HAVE_SYS_TYPES_H 1
| #define HAVE_SYS_STAT_H 1
| #define HAVE_STDLIB_H 1
| #define HAVE_STRING_H 1
| #define HAVE_MEMORY_H 1
| #define HAVE_STRINGS_H 1
| #define HAVE_INTTYPES_H 1
| #define HAVE_STDINT_H 1
| #define HAVE_UNISTD_H 1
| #define HAVE_DLFCN_H 1
| #define HAVE_LIBRESOLV 1
| #define STDC_HEADERS 1
| #define HAVE_FCNTL_H 1
| #define HAVE_STDARG_H 1
| #define HAVE_INTTYPES_H 1
| #define HAVE_STDINT_H 1
| #define HAVE_POLL_H 1
| #define HAVE_SIGNAL_H 1
| #define HAVE_UNISTD_H 1
| #define HAVE_SYS_TIME_H 1
| #define HAVE_SYS_QUEUE_H 1
| #define HAVE_SYS_EVENT_H 1
| #define HAVE_SYS_PARAM_H 1
| #define HAVE_SYS_IOCTL_H 1
| #define HAVE_SYS_SELECT_H 1
| #define HAVE_SYS_SOCKET_H 1
| #define HAVE_TAILQFOREACH 1
| #define HAVE_TIMERADD 1
| #define HAVE_TIMERCMP 1
| #define HAVE_TIMERCLEAR 1
| #define HAVE_TIMERISSET 1
| /* end confdefs.h.  */
| 
| int
| main ()
| {
| 
| #ifndef WIN32
| die horribly
| #endif
| 
|   ;
|   return 0;
| }
configure:20838: result: no
configure:20853: checking for an ANSI C-conforming const
configure:20928: gcc -c -g -O2 -Wall  conftest.c >&5
conftest.c: In function 'main':
conftest.c:71: warning: 't' is used uninitialized in this function
conftest.c:87: warning: 'b' is used uninitialized in this function
conftest.c:93: warning: 'cs[0]' is used uninitialized in this function
configure:20935: $? = 0
configure:20950: result: yes
configure:20960: checking for inline
configure:20986: gcc -c -g -O2 -Wall  conftest.c >&5
configure:20993: $? = 0
configure:21011: result: inline
configure:21030: checking whether time.h and sys/time.h may both be included
configure:21060: gcc -c -g -O2 -Wall  conftest.c >&5
configure:21067: $? = 0
configure:21082: result: yes
configure:21109: checking for gettimeofday
configure:21165: gcc -o conftest -g -O2 -Wall   conftest.c -lresolv  >&5
configure:21172: $? = 0
configure:21194: result: yes
configure:21109: checking for vasprintf
configure:21165: gcc -o conftest -g -O2 -Wall   conftest.c -lresolv  >&5
configure:21172: $? = 0
configure:21194: result: yes
configure:21109: checking for fcntl
configure:21165: gcc -o conftest -g -O2 -Wall   conftest.c -lresolv  >&5
configure:21172: $? = 0
configure:21194: result: yes
configure:21109: checking for clock_gettime
configure:21165: gcc -o conftest -g -O2 -Wall   conftest.c -lresolv  >&5
Undefined symbols:
  "_clock_gettime", referenced from:
      _main in ccqRQUy9.o
ld: symbol(s) not found
collect2: ld returned 1 exit status
configure:21172: $? = 1
configure: failed program was:
| /* confdefs.h.  */
| #define PACKAGE_NAME ""
| #define PACKAGE_TARNAME ""
| #define PACKAGE_VERSION ""
| #define PACKAGE_STRING ""
| #define PACKAGE_BUGREPORT ""
| #define PACKAGE "libevent"
| #define VERSION "1.4.11-stable"
| #define STDC_HEADERS 1
| #define HAVE_SYS_TYPES_H 1
| #define HAVE_SYS_STAT_H 1
| #define HAVE_STDLIB_H 1
| #define HAVE_STRING_H 1
| #define HAVE_MEMORY_H 1
| #define HAVE_STRINGS_H 1
| #define HAVE_INTTYPES_H 1
| #define HAVE_STDINT_H 1
| #define HAVE_UNISTD_H 1
| #define HAVE_DLFCN_H 1
| #define HAVE_LIBRESOLV 1
| #define STDC_HEADERS 1
| #define HAVE_FCNTL_H 1
| #define HAVE_STDARG_H 1
| #define HAVE_INTTYPES_H 1
| #define HAVE_STDINT_H 1
| #define HAVE_POLL_H 1
| #define HAVE_SIGNAL_H 1
| #define HAVE_UNISTD_H 1
| #define HAVE_SYS_TIME_H 1
| #define HAVE_SYS_QUEUE_H 1
| #define HAVE_SYS_EVENT_H 1
| #define HAVE_SYS_PARAM_H 1
| #define HAVE_SYS_IOCTL_H 1
| #define HAVE_SYS_SELECT_H 1
| #define HAVE_SYS_SOCKET_H 1
| #define HAVE_TAILQFOREACH 1
| #define HAVE_TIMERADD 1
| #define HAVE_TIMERCMP 1
| #define HAVE_TIMERCLEAR 1
| #define HAVE_TIMERISSET 1
| #define TIME_WITH_SYS_TIME 1
| #define HAVE_GETTIMEOFDAY 1
| #define HAVE_VASPRINTF 1
| #define HAVE_FCNTL 1
| /* end confdefs.h.  */
| /* Define clock_gettime to an innocuous variant, in case <limits.h> declares clock_gettime.
|    For example, HP-UX 11i <limits.h> declares gettimeofday.  */
| #define clock_gettime innocuous_clock_gettime
| 
| /* System header to define __stub macros and hopefully few prototypes,
|     which can conflict with char clock_gettime (); below.
|     Prefer <limits.h> to <assert.h> if __STDC__ is defined, since
|     <limits.h> exists even on freestanding compilers.  */
| 
| #ifdef __STDC__
| # include <limits.h>
| #else
| # include <assert.h>
| #endif
| 
| #undef clock_gettime
| 
| /* Override any GCC internal prototype to avoid an error.
|    Use char because int might match the return type of a GCC
|    builtin and then its argument prototype would still apply.  */
| #ifdef __cplusplus
| extern "C"
| #endif
| char clock_gettime ();
| /* The GNU C library defines this for functions which it implements
|     to always fail with ENOSYS.  Some functions are actually named
|     something starting with __ and the normal name is an alias.  */
| #if defined __stub_clock_gettime || defined __stub___clock_gettime
| choke me
| #endif
| 
| int
| main ()
| {
| return clock_gettime ();
|   ;
|   return 0;
| }
configure:21194: result: no
configure:21109: checking for strtok_r
configure:21165: gcc -o conftest -g -O2 -Wall   conftest.c -lresolv  >&5
configure:21172: $? = 0
configure:21194: result: yes
configure:21109: checking for strsep
configure:21165: gcc -o conftest -g -O2 -Wall   conftest.c -lresolv  >&5
configure:21172: $? = 0
configure:21194: result: yes
configure:21109: checking for getaddrinfo
configure:21165: gcc -o conftest -g -O2 -Wall   conftest.c -lresolv  >&5
configure:21172: $? = 0
configure:21194: result: yes
configure:21109: checking for getnameinfo
configure:21165: gcc -o conftest -g -O2 -Wall   conftest.c -lresolv  >&5
configure:21172: $? = 0
configure:21194: result: yes
configure:21109: checking for strlcpy
configure:21165: gcc -o conftest -g -O2 -Wall   conftest.c -lresolv  >&5
configure:21172: $? = 0
configure:21194: result: yes
configure:21109: checking for inet_ntop
configure:21165: gcc -o conftest -g -O2 -Wall   conftest.c -lresolv  >&5
configure:21172: $? = 0
configure:21194: result: yes
configure:21109: checking for signal
configure:21165: gcc -o conftest -g -O2 -Wall   conftest.c -lresolv  >&5
configure:21172: $? = 0
configure:21194: result: yes
configure:21109: checking for sigaction
configure:21165: gcc -o conftest -g -O2 -Wall   conftest.c -lresolv  >&5
configure:21172: $? = 0
configure:21194: result: yes
configure:21109: checking for strtoll
configure:21165: gcc -o conftest -g -O2 -Wall   conftest.c -lresolv  >&5
configure:21172: $? = 0
configure:21194: result: yes
configure:21211: checking size of long
configure:21516: gcc -o conftest -g -O2 -Wall   conftest.c -lresolv  >&5
configure:21520: $? = 0
configure:21526: ./conftest
configure:21530: $? = 0
configure:21556: result: 8
configure:21581: checking for F_SETFD in fcntl.h
configure:21604: result: yes
configure:21619: checking for select
configure:21675: gcc -o conftest -g -O2 -Wall   conftest.c -lresolv  >&5
configure:21682: $? = 0
configure:21704: result: yes
configure:21731: checking for poll
configure:21787: gcc -o conftest -g -O2 -Wall   conftest.c -lresolv  >&5
configure:21794: $? = 0
configure:21816: result: yes
configure:21843: checking for epoll_ctl
configure:21899: gcc -o conftest -g -O2 -Wall   conftest.c -lresolv  >&5
Undefined symbols:
  "_epoll_ctl", referenced from:
      _main in ccBo6XNu.o
ld: symbol(s) not found
collect2: ld returned 1 exit status
configure:21906: $? = 1
configure: failed program was:
| /* confdefs.h.  */
| #define PACKAGE_NAME ""
| #define PACKAGE_TARNAME ""
| #define PACKAGE_VERSION ""
| #define PACKAGE_STRING ""
| #define PACKAGE_BUGREPORT ""
| #define PACKAGE "libevent"
| #define VERSION "1.4.11-stable"
| #define STDC_HEADERS 1
| #define HAVE_SYS_TYPES_H 1
| #define HAVE_SYS_STAT_H 1
| #define HAVE_STDLIB_H 1
| #define HAVE_STRING_H 1
| #define HAVE_MEMORY_H 1
| #define HAVE_STRINGS_H 1
| #define HAVE_INTTYPES_H 1
| #define HAVE_STDINT_H 1
| #define HAVE_UNISTD_H 1
| #define HAVE_DLFCN_H 1
| #define HAVE_LIBRESOLV 1
| #define STDC_HEADERS 1
| #define HAVE_FCNTL_H 1
| #define HAVE_STDARG_H 1
| #define HAVE_INTTYPES_H 1
| #define HAVE_STDINT_H 1
| #define HAVE_POLL_H 1
| #define HAVE_SIGNAL_H 1
| #define HAVE_UNISTD_H 1
| #define HAVE_SYS_TIME_H 1
| #define HAVE_SYS_QUEUE_H 1
| #define HAVE_SYS_EVENT_H 1
| #define HAVE_SYS_PARAM_H 1
| #define HAVE_SYS_IOCTL_H 1
| #define HAVE_SYS_SELECT_H 1
| #define HAVE_SYS_SOCKET_H 1
| #define HAVE_TAILQFOREACH 1
| #define HAVE_TIMERADD 1
| #define HAVE_TIMERCMP 1
| #define HAVE_TIMERCLEAR 1
| #define HAVE_TIMERISSET 1
| #define TIME_WITH_SYS_TIME 1
| #define HAVE_GETTIMEOFDAY 1
| #define HAVE_VASPRINTF 1
| #define HAVE_FCNTL 1
| #define HAVE_STRTOK_R 1
| #define HAVE_STRSEP 1
| #define HAVE_GETADDRINFO 1
| #define HAVE_GETNAMEINFO 1
| #define HAVE_STRLCPY 1
| #define HAVE_INET_NTOP 1
| #define HAVE_SIGNAL 1
| #define HAVE_SIGACTION 1
| #define HAVE_STRTOLL 1
| #define SIZEOF_LONG 8
| #define DNS_USE_GETTIMEOFDAY_FOR_ID 1
| #define HAVE_SETFD 1
| #define HAVE_SELECT 1
| #define HAVE_POLL 1
| /* end confdefs.h.  */
| /* Define epoll_ctl to an innocuous variant, in case <limits.h> declares epoll_ctl.
|    For example, HP-UX 11i <limits.h> declares gettimeofday.  */
| #define epoll_ctl innocuous_epoll_ctl
| 
| /* System header to define __stub macros and hopefully few prototypes,
|     which can conflict with char epoll_ctl (); below.
|     Prefer <limits.h> to <assert.h> if __STDC__ is defined, since
|     <limits.h> exists even on freestanding compilers.  */
| 
| #ifdef __STDC__
| # include <limits.h>
| #else
| # include <assert.h>
| #endif
| 
| #undef epoll_ctl
| 
| /* Override any GCC internal prototype to avoid an error.
|    Use char because int might match the return type of a GCC
|    builtin and then its argument prototype would still apply.  */
| #ifdef __cplusplus
| extern "C"
| #endif
| char epoll_ctl ();
| /* The GNU C library defines this for functions which it implements
|     to always fail with ENOSYS.  Some functions are actually named
|     something starting with __ and the normal name is an alias.  */
| #if defined __stub_epoll_ctl || defined __stub___epoll_ctl
| choke me
| #endif
| 
| int
| main ()
| {
| return epoll_ctl ();
|   ;
|   return 0;
| }
configure:21928: result: no
configure:21976: checking for kqueue
configure:22032: gcc -o conftest -g -O2 -Wall   conftest.c -lresolv  >&5
configure:22039: $? = 0
configure:22061: result: yes
configure:22074: checking for working kqueue
configure:22138: gcc -o conftest -g -O2 -Wall   conftest.c -lresolv  >&5
conftest.c: In function 'main':
conftest.c:79: warning: implicit declaration of function 'exit'
conftest.c:79: warning: incompatible implicit declaration of built-in function 'exit'
configure:22142: $? = 0
configure:22148: ./conftest
configure:22152: $? = 0
configure:22154: result: yes
configure:22285: checking for port_create
configure:22341: gcc -o conftest -g -O2 -Wall   conftest.c -lresolv  >&5
Undefined symbols:
  "_port_create", referenced from:
      _main in ccqRED1S.o
ld: symbol(s) not found
collect2: ld returned 1 exit status
configure:22348: $? = 1
configure: failed program was:
| /* confdefs.h.  */
| #define PACKAGE_NAME ""
| #define PACKAGE_TARNAME ""
| #define PACKAGE_VERSION ""
| #define PACKAGE_STRING ""
| #define PACKAGE_BUGREPORT ""
| #define PACKAGE "libevent"
| #define VERSION "1.4.11-stable"
| #define STDC_HEADERS 1
| #define HAVE_SYS_TYPES_H 1
| #define HAVE_SYS_STAT_H 1
| #define HAVE_STDLIB_H 1
| #define HAVE_STRING_H 1
| #define HAVE_MEMORY_H 1
| #define HAVE_STRINGS_H 1
| #define HAVE_INTTYPES_H 1
| #define HAVE_STDINT_H 1
| #define HAVE_UNISTD_H 1
| #define HAVE_DLFCN_H 1
| #define HAVE_LIBRESOLV 1
| #define STDC_HEADERS 1
| #define HAVE_FCNTL_H 1
| #define HAVE_STDARG_H 1
| #define HAVE_INTTYPES_H 1
| #define HAVE_STDINT_H 1
| #define HAVE_POLL_H 1
| #define HAVE_SIGNAL_H 1
| #define HAVE_UNISTD_H 1
| #define HAVE_SYS_TIME_H 1
| #define HAVE_SYS_QUEUE_H 1
| #define HAVE_SYS_EVENT_H 1
| #define HAVE_SYS_PARAM_H 1
| #define HAVE_SYS_IOCTL_H 1
| #define HAVE_SYS_SELECT_H 1
| #define HAVE_SYS_SOCKET_H 1
| #define HAVE_TAILQFOREACH 1
| #define HAVE_TIMERADD 1
| #define HAVE_TIMERCMP 1
| #define HAVE_TIMERCLEAR 1
| #define HAVE_TIMERISSET 1
| #define TIME_WITH_SYS_TIME 1
| #define HAVE_GETTIMEOFDAY 1
| #define HAVE_VASPRINTF 1
| #define HAVE_FCNTL 1
| #define HAVE_STRTOK_R 1
| #define HAVE_STRSEP 1
| #define HAVE_GETADDRINFO 1
| #define HAVE_GETNAMEINFO 1
| #define HAVE_STRLCPY 1
| #define HAVE_INET_NTOP 1
| #define HAVE_SIGNAL 1
| #define HAVE_SIGACTION 1
| #define HAVE_STRTOLL 1
| #define SIZEOF_LONG 8
| #define DNS_USE_GETTIMEOFDAY_FOR_ID 1
| #define HAVE_SETFD 1
| #define HAVE_SELECT 1
| #define HAVE_POLL 1
| #define HAVE_KQUEUE 1
| #define HAVE_WORKING_KQUEUE 1
| /* end confdefs.h.  */
| /* Define port_create to an innocuous variant, in case <limits.h> declares port_create.
|    For example, HP-UX 11i <limits.h> declares gettimeofday.  */
| #define port_create innocuous_port_create
| 
| /* System header to define __stub macros and hopefully few prototypes,
|     which can conflict with char port_create (); below.
|     Prefer <limits.h> to <assert.h> if __STDC__ is defined, since
|     <limits.h> exists even on freestanding compilers.  */
| 
| #ifdef __STDC__
| # include <limits.h>
| #else
| # include <assert.h>
| #endif
| 
| #undef port_create
| 
| /* Override any GCC internal prototype to avoid an error.
|    Use char because int might match the return type of a GCC
|    builtin and then its argument prototype would still apply.  */
| #ifdef __cplusplus
| extern "C"
| #endif
| char port_create ();
| /* The GNU C library defines this for functions which it implements
|     to always fail with ENOSYS.  Some functions are actually named
|     something starting with __ and the normal name is an alias.  */
| #if defined __stub_port_create || defined __stub___port_create
| choke me
| #endif
| 
| int
| main ()
| {
| return port_create ();
|   ;
|   return 0;
| }
configure:22370: result: no
configure:22411: checking for pid_t
configure:22439: gcc -c -g -O2 -Wall  conftest.c >&5
configure:22446: $? = 0
configure:22473: gcc -c -g -O2 -Wall  conftest.c >&5
conftest.c: In function 'main':
conftest.c:98: error: expected expression before ')' token
configure:22480: $? = 1
configure: failed program was:
| /* confdefs.h.  */
| #define PACKAGE_NAME ""
| #define PACKAGE_TARNAME ""
| #define PACKAGE_VERSION ""
| #define PACKAGE_STRING ""
| #define PACKAGE_BUGREPORT ""
| #define PACKAGE "libevent"
| #define VERSION "1.4.11-stable"
| #define STDC_HEADERS 1
| #define HAVE_SYS_TYPES_H 1
| #define HAVE_SYS_STAT_H 1
| #define HAVE_STDLIB_H 1
| #define HAVE_STRING_H 1
| #define HAVE_MEMORY_H 1
| #define HAVE_STRINGS_H 1
| #define HAVE_INTTYPES_H 1
| #define HAVE_STDINT_H 1
| #define HAVE_UNISTD_H 1
| #define HAVE_DLFCN_H 1
| #define HAVE_LIBRESOLV 1
| #define STDC_HEADERS 1
| #define HAVE_FCNTL_H 1
| #define HAVE_STDARG_H 1
| #define HAVE_INTTYPES_H 1
| #define HAVE_STDINT_H 1
| #define HAVE_POLL_H 1
| #define HAVE_SIGNAL_H 1
| #define HAVE_UNISTD_H 1
| #define HAVE_SYS_TIME_H 1
| #define HAVE_SYS_QUEUE_H 1
| #define HAVE_SYS_EVENT_H 1
| #define HAVE_SYS_PARAM_H 1
| #define HAVE_SYS_IOCTL_H 1
| #define HAVE_SYS_SELECT_H 1
| #define HAVE_SYS_SOCKET_H 1
| #define HAVE_TAILQFOREACH 1
| #define HAVE_TIMERADD 1
| #define HAVE_TIMERCMP 1
| #define HAVE_TIMERCLEAR 1
| #define HAVE_TIMERISSET 1
| #define TIME_WITH_SYS_TIME 1
| #define HAVE_GETTIMEOFDAY 1
| #define HAVE_VASPRINTF 1
| #define HAVE_FCNTL 1
| #define HAVE_STRTOK_R 1
| #define HAVE_STRSEP 1
| #define HAVE_GETADDRINFO 1
| #define HAVE_GETNAMEINFO 1
| #define HAVE_STRLCPY 1
| #define HAVE_INET_NTOP 1
| #define HAVE_SIGNAL 1
| #define HAVE_SIGACTION 1
| #define HAVE_STRTOLL 1
| #define SIZEOF_LONG 8
| #define DNS_USE_GETTIMEOFDAY_FOR_ID 1
| #define HAVE_SETFD 1
| #define HAVE_SELECT 1
| #define HAVE_POLL 1
| #define HAVE_KQUEUE 1
| #define HAVE_WORKING_KQUEUE 1
| /* end confdefs.h.  */
| #include <stdio.h>
| #ifdef HAVE_SYS_TYPES_H
| # include <sys/types.h>
| #endif
| #ifdef HAVE_SYS_STAT_H
| # include <sys/stat.h>
| #endif
| #ifdef STDC_HEADERS
| # include <stdlib.h>
| # include <stddef.h>
| #else
| # ifdef HAVE_STDLIB_H
| #  include <stdlib.h>
| # endif
| #endif
| #ifdef HAVE_STRING_H
| # if !defined STDC_HEADERS && defined HAVE_MEMORY_H
| #  include <memory.h>
| # endif
| # include <string.h>
| #endif
| #ifdef HAVE_STRINGS_H
| # include <strings.h>
| #endif
| #ifdef HAVE_INTTYPES_H
| # include <inttypes.h>
| #endif
| #ifdef HAVE_STDINT_H
| # include <stdint.h>
| #endif
| #ifdef HAVE_UNISTD_H
| # include <unistd.h>
| #endif
| int
| main ()
| {
| if (sizeof ((pid_t)))
| 	  return 0;
|   ;
|   return 0;
| }
configure:22503: result: yes
configure:22515: checking for size_t
configure:22543: gcc -c -g -O2 -Wall  conftest.c >&5
configure:22550: $? = 0
configure:22577: gcc -c -g -O2 -Wall  conftest.c >&5
conftest.c: In function 'main':
conftest.c:98: error: expected expression before ')' token
configure:22584: $? = 1
configure: failed program was:
| /* confdefs.h.  */
| #define PACKAGE_NAME ""
| #define PACKAGE_TARNAME ""
| #define PACKAGE_VERSION ""
| #define PACKAGE_STRING ""
| #define PACKAGE_BUGREPORT ""
| #define PACKAGE "libevent"
| #define VERSION "1.4.11-stable"
| #define STDC_HEADERS 1
| #define HAVE_SYS_TYPES_H 1
| #define HAVE_SYS_STAT_H 1
| #define HAVE_STDLIB_H 1
| #define HAVE_STRING_H 1
| #define HAVE_MEMORY_H 1
| #define HAVE_STRINGS_H 1
| #define HAVE_INTTYPES_H 1
| #define HAVE_STDINT_H 1
| #define HAVE_UNISTD_H 1
| #define HAVE_DLFCN_H 1
| #define HAVE_LIBRESOLV 1
| #define STDC_HEADERS 1
| #define HAVE_FCNTL_H 1
| #define HAVE_STDARG_H 1
| #define HAVE_INTTYPES_H 1
| #define HAVE_STDINT_H 1
| #define HAVE_POLL_H 1
| #define HAVE_SIGNAL_H 1
| #define HAVE_UNISTD_H 1
| #define HAVE_SYS_TIME_H 1
| #define HAVE_SYS_QUEUE_H 1
| #define HAVE_SYS_EVENT_H 1
| #define HAVE_SYS_PARAM_H 1
| #define HAVE_SYS_IOCTL_H 1
| #define HAVE_SYS_SELECT_H 1
| #define HAVE_SYS_SOCKET_H 1
| #define HAVE_TAILQFOREACH 1
| #define HAVE_TIMERADD 1
| #define HAVE_TIMERCMP 1
| #define HAVE_TIMERCLEAR 1
| #define HAVE_TIMERISSET 1
| #define TIME_WITH_SYS_TIME 1
| #define HAVE_GETTIMEOFDAY 1
| #define HAVE_VASPRINTF 1
| #define HAVE_FCNTL 1
| #define HAVE_STRTOK_R 1
| #define HAVE_STRSEP 1
| #define HAVE_GETADDRINFO 1
| #define HAVE_GETNAMEINFO 1
| #define HAVE_STRLCPY 1
| #define HAVE_INET_NTOP 1
| #define HAVE_SIGNAL 1
| #define HAVE_SIGACTION 1
| #define HAVE_STRTOLL 1
| #define SIZEOF_LONG 8
| #define DNS_USE_GETTIMEOFDAY_FOR_ID 1
| #define HAVE_SETFD 1
| #define HAVE_SELECT 1
| #define HAVE_POLL 1
| #define HAVE_KQUEUE 1
| #define HAVE_WORKING_KQUEUE 1
| /* end confdefs.h.  */
| #include <stdio.h>
| #ifdef HAVE_SYS_TYPES_H
| # include <sys/types.h>
| #endif
| #ifdef HAVE_SYS_STAT_H
| # include <sys/stat.h>
| #endif
| #ifdef STDC_HEADERS
| # include <stdlib.h>
| # include <stddef.h>
| #else
| # ifdef HAVE_STDLIB_H
| #  include <stdlib.h>
| # endif
| #endif
| #ifdef HAVE_STRING_H
| # if !defined STDC_HEADERS && defined HAVE_MEMORY_H
| #  include <memory.h>
| # endif
| # include <string.h>
| #endif
| #ifdef HAVE_STRINGS_H
| # include <strings.h>
| #endif
| #ifdef HAVE_INTTYPES_H
| # include <inttypes.h>
| #endif
| #ifdef HAVE_STDINT_H
| # include <stdint.h>
| #endif
| #ifdef HAVE_UNISTD_H
| # include <unistd.h>
| #endif
| int
| main ()
| {
| if (sizeof ((size_t)))
| 	  return 0;
|   ;
|   return 0;
| }
configure:22607: result: yes
configure:22619: checking for uint64_t
configure:22655: gcc -c -g -O2 -Wall  conftest.c >&5
configure:22662: $? = 0
configure:22697: gcc -c -g -O2 -Wall  conftest.c >&5
conftest.c: In function 'main':
conftest.c:74: error: expected expression before ')' token
configure:22704: $? = 1
configure: failed program was:
| /* confdefs.h.  */
| #define PACKAGE_NAME ""
| #define PACKAGE_TARNAME ""
| #define PACKAGE_VERSION ""
| #define PACKAGE_STRING ""
| #define PACKAGE_BUGREPORT ""
| #define PACKAGE "libevent"
| #define VERSION "1.4.11-stable"
| #define STDC_HEADERS 1
| #define HAVE_SYS_TYPES_H 1
| #define HAVE_SYS_STAT_H 1
| #define HAVE_STDLIB_H 1
| #define HAVE_STRING_H 1
| #define HAVE_MEMORY_H 1
| #define HAVE_STRINGS_H 1
| #define HAVE_INTTYPES_H 1
| #define HAVE_STDINT_H 1
| #define HAVE_UNISTD_H 1
| #define HAVE_DLFCN_H 1
| #define HAVE_LIBRESOLV 1
| #define STDC_HEADERS 1
| #define HAVE_FCNTL_H 1
| #define HAVE_STDARG_H 1
| #define HAVE_INTTYPES_H 1
| #define HAVE_STDINT_H 1
| #define HAVE_POLL_H 1
| #define HAVE_SIGNAL_H 1
| #define HAVE_UNISTD_H 1
| #define HAVE_SYS_TIME_H 1
| #define HAVE_SYS_QUEUE_H 1
| #define HAVE_SYS_EVENT_H 1
| #define HAVE_SYS_PARAM_H 1
| #define HAVE_SYS_IOCTL_H 1
| #define HAVE_SYS_SELECT_H 1
| #define HAVE_SYS_SOCKET_H 1
| #define HAVE_TAILQFOREACH 1
| #define HAVE_TIMERADD 1
| #define HAVE_TIMERCMP 1
| #define HAVE_TIMERCLEAR 1
| #define HAVE_TIMERISSET 1
| #define TIME_WITH_SYS_TIME 1
| #define HAVE_GETTIMEOFDAY 1
| #define HAVE_VASPRINTF 1
| #define HAVE_FCNTL 1
| #define HAVE_STRTOK_R 1
| #define HAVE_STRSEP 1
| #define HAVE_GETADDRINFO 1
| #define HAVE_GETNAMEINFO 1
| #define HAVE_STRLCPY 1
| #define HAVE_INET_NTOP 1
| #define HAVE_SIGNAL 1
| #define HAVE_SIGACTION 1
| #define HAVE_STRTOLL 1
| #define SIZEOF_LONG 8
| #define DNS_USE_GETTIMEOFDAY_FOR_ID 1
| #define HAVE_SETFD 1
| #define HAVE_SELECT 1
| #define HAVE_POLL 1
| #define HAVE_KQUEUE 1
| #define HAVE_WORKING_KQUEUE 1
| /* end confdefs.h.  */
| #ifdef HAVE_STDINT_H
| #include <stdint.h>
| #elif defined(HAVE_INTTYPES_H)
| #include <inttypes.h>
| #endif
| #ifdef HAVE_SYS_TYPES_H
| #include <sys/types.h>
| #endif
| 
| int
| main ()
| {
| if (sizeof ((uint64_t)))
| 	  return 0;
|   ;
|   return 0;
| }
configure:22727: result: yes
configure:22737: checking for uint32_t
configure:22773: gcc -c -g -O2 -Wall  conftest.c >&5
configure:22780: $? = 0
configure:22815: gcc -c -g -O2 -Wall  conftest.c >&5
conftest.c: In function 'main':
conftest.c:75: error: expected expression before ')' token
configure:22822: $? = 1
configure: failed program was:
| /* confdefs.h.  */
| #define PACKAGE_NAME ""
| #define PACKAGE_TARNAME ""
| #define PACKAGE_VERSION ""
| #define PACKAGE_STRING ""
| #define PACKAGE_BUGREPORT ""
| #define PACKAGE "libevent"
| #define VERSION "1.4.11-stable"
| #define STDC_HEADERS 1
| #define HAVE_SYS_TYPES_H 1
| #define HAVE_SYS_STAT_H 1
| #define HAVE_STDLIB_H 1
| #define HAVE_STRING_H 1
| #define HAVE_MEMORY_H 1
| #define HAVE_STRINGS_H 1
| #define HAVE_INTTYPES_H 1
| #define HAVE_STDINT_H 1
| #define HAVE_UNISTD_H 1
| #define HAVE_DLFCN_H 1
| #define HAVE_LIBRESOLV 1
| #define STDC_HEADERS 1
| #define HAVE_FCNTL_H 1
| #define HAVE_STDARG_H 1
| #define HAVE_INTTYPES_H 1
| #define HAVE_STDINT_H 1
| #define HAVE_POLL_H 1
| #define HAVE_SIGNAL_H 1
| #define HAVE_UNISTD_H 1
| #define HAVE_SYS_TIME_H 1
| #define HAVE_SYS_QUEUE_H 1
| #define HAVE_SYS_EVENT_H 1
| #define HAVE_SYS_PARAM_H 1
| #define HAVE_SYS_IOCTL_H 1
| #define HAVE_SYS_SELECT_H 1
| #define HAVE_SYS_SOCKET_H 1
| #define HAVE_TAILQFOREACH 1
| #define HAVE_TIMERADD 1
| #define HAVE_TIMERCMP 1
| #define HAVE_TIMERCLEAR 1
| #define HAVE_TIMERISSET 1
| #define TIME_WITH_SYS_TIME 1
| #define HAVE_GETTIMEOFDAY 1
| #define HAVE_VASPRINTF 1
| #define HAVE_FCNTL 1
| #define HAVE_STRTOK_R 1
| #define HAVE_STRSEP 1
| #define HAVE_GETADDRINFO 1
| #define HAVE_GETNAMEINFO 1
| #define HAVE_STRLCPY 1
| #define HAVE_INET_NTOP 1
| #define HAVE_SIGNAL 1
| #define HAVE_SIGACTION 1
| #define HAVE_STRTOLL 1
| #define SIZEOF_LONG 8
| #define DNS_USE_GETTIMEOFDAY_FOR_ID 1
| #define HAVE_SETFD 1
| #define HAVE_SELECT 1
| #define HAVE_POLL 1
| #define HAVE_KQUEUE 1
| #define HAVE_WORKING_KQUEUE 1
| #define HAVE_UINT64_T 1
| /* end confdefs.h.  */
| #ifdef HAVE_STDINT_H
| #include <stdint.h>
| #elif defined(HAVE_INTTYPES_H)
| #include <inttypes.h>
| #endif
| #ifdef HAVE_SYS_TYPES_H
| #include <sys/types.h>
| #endif
| 
| int
| main ()
| {
| if (sizeof ((uint32_t)))
| 	  return 0;
|   ;
|   return 0;
| }
configure:22845: result: yes
configure:22855: checking for uint16_t
configure:22891: gcc -c -g -O2 -Wall  conftest.c >&5
configure:22898: $? = 0
configure:22933: gcc -c -g -O2 -Wall  conftest.c >&5
conftest.c: In function 'main':
conftest.c:76: error: expected expression before ')' token
configure:22940: $? = 1
configure: failed program was:
| /* confdefs.h.  */
| #define PACKAGE_NAME ""
| #define PACKAGE_TARNAME ""
| #define PACKAGE_VERSION ""
| #define PACKAGE_STRING ""
| #define PACKAGE_BUGREPORT ""
| #define PACKAGE "libevent"
| #define VERSION "1.4.11-stable"
| #define STDC_HEADERS 1
| #define HAVE_SYS_TYPES_H 1
| #define HAVE_SYS_STAT_H 1
| #define HAVE_STDLIB_H 1
| #define HAVE_STRING_H 1
| #define HAVE_MEMORY_H 1
| #define HAVE_STRINGS_H 1
| #define HAVE_INTTYPES_H 1
| #define HAVE_STDINT_H 1
| #define HAVE_UNISTD_H 1
| #define HAVE_DLFCN_H 1
| #define HAVE_LIBRESOLV 1
| #define STDC_HEADERS 1
| #define HAVE_FCNTL_H 1
| #define HAVE_STDARG_H 1
| #define HAVE_INTTYPES_H 1
| #define HAVE_STDINT_H 1
| #define HAVE_POLL_H 1
| #define HAVE_SIGNAL_H 1
| #define HAVE_UNISTD_H 1
| #define HAVE_SYS_TIME_H 1
| #define HAVE_SYS_QUEUE_H 1
| #define HAVE_SYS_EVENT_H 1
| #define HAVE_SYS_PARAM_H 1
| #define HAVE_SYS_IOCTL_H 1
| #define HAVE_SYS_SELECT_H 1
| #define HAVE_SYS_SOCKET_H 1
| #define HAVE_TAILQFOREACH 1
| #define HAVE_TIMERADD 1
| #define HAVE_TIMERCMP 1
| #define HAVE_TIMERCLEAR 1
| #define HAVE_TIMERISSET 1
| #define TIME_WITH_SYS_TIME 1
| #define HAVE_GETTIMEOFDAY 1
| #define HAVE_VASPRINTF 1
| #define HAVE_FCNTL 1
| #define HAVE_STRTOK_R 1
| #define HAVE_STRSEP 1
| #define HAVE_GETADDRINFO 1
| #define HAVE_GETNAMEINFO 1
| #define HAVE_STRLCPY 1
| #define HAVE_INET_NTOP 1
| #define HAVE_SIGNAL 1
| #define HAVE_SIGACTION 1
| #define HAVE_STRTOLL 1
| #define SIZEOF_LONG 8
| #define DNS_USE_GETTIMEOFDAY_FOR_ID 1
| #define HAVE_SETFD 1
| #define HAVE_SELECT 1
| #define HAVE_POLL 1
| #define HAVE_KQUEUE 1
| #define HAVE_WORKING_KQUEUE 1
| #define HAVE_UINT64_T 1
| #define HAVE_UINT32_T 1
| /* end confdefs.h.  */
| #ifdef HAVE_STDINT_H
| #include <stdint.h>
| #elif defined(HAVE_INTTYPES_H)
| #include <inttypes.h>
| #endif
| #ifdef HAVE_SYS_TYPES_H
| #include <sys/types.h>
| #endif
| 
| int
| main ()
| {
| if (sizeof ((uint16_t)))
| 	  return 0;
|   ;
|   return 0;
| }
configure:22963: result: yes
configure:22973: checking for uint8_t
configure:23009: gcc -c -g -O2 -Wall  conftest.c >&5
configure:23016: $? = 0
configure:23051: gcc -c -g -O2 -Wall  conftest.c >&5
conftest.c: In function 'main':
conftest.c:77: error: expected expression before ')' token
configure:23058: $? = 1
configure: failed program was:
| /* confdefs.h.  */
| #define PACKAGE_NAME ""
| #define PACKAGE_TARNAME ""
| #define PACKAGE_VERSION ""
| #define PACKAGE_STRING ""
| #define PACKAGE_BUGREPORT ""
| #define PACKAGE "libevent"
| #define VERSION "1.4.11-stable"
| #define STDC_HEADERS 1
| #define HAVE_SYS_TYPES_H 1
| #define HAVE_SYS_STAT_H 1
| #define HAVE_STDLIB_H 1
| #define HAVE_STRING_H 1
| #define HAVE_MEMORY_H 1
| #define HAVE_STRINGS_H 1
| #define HAVE_INTTYPES_H 1
| #define HAVE_STDINT_H 1
| #define HAVE_UNISTD_H 1
| #define HAVE_DLFCN_H 1
| #define HAVE_LIBRESOLV 1
| #define STDC_HEADERS 1
| #define HAVE_FCNTL_H 1
| #define HAVE_STDARG_H 1
| #define HAVE_INTTYPES_H 1
| #define HAVE_STDINT_H 1
| #define HAVE_POLL_H 1
| #define HAVE_SIGNAL_H 1
| #define HAVE_UNISTD_H 1
| #define HAVE_SYS_TIME_H 1
| #define HAVE_SYS_QUEUE_H 1
| #define HAVE_SYS_EVENT_H 1
| #define HAVE_SYS_PARAM_H 1
| #define HAVE_SYS_IOCTL_H 1
| #define HAVE_SYS_SELECT_H 1
| #define HAVE_SYS_SOCKET_H 1
| #define HAVE_TAILQFOREACH 1
| #define HAVE_TIMERADD 1
| #define HAVE_TIMERCMP 1
| #define HAVE_TIMERCLEAR 1
| #define HAVE_TIMERISSET 1
| #define TIME_WITH_SYS_TIME 1
| #define HAVE_GETTIMEOFDAY 1
| #define HAVE_VASPRINTF 1
| #define HAVE_FCNTL 1
| #define HAVE_STRTOK_R 1
| #define HAVE_STRSEP 1
| #define HAVE_GETADDRINFO 1
| #define HAVE_GETNAMEINFO 1
| #define HAVE_STRLCPY 1
| #define HAVE_INET_NTOP 1
| #define HAVE_SIGNAL 1
| #define HAVE_SIGACTION 1
| #define HAVE_STRTOLL 1
| #define SIZEOF_LONG 8
| #define DNS_USE_GETTIMEOFDAY_FOR_ID 1
| #define HAVE_SETFD 1
| #define HAVE_SELECT 1
| #define HAVE_POLL 1
| #define HAVE_KQUEUE 1
| #define HAVE_WORKING_KQUEUE 1
| #define HAVE_UINT64_T 1
| #define HAVE_UINT32_T 1
| #define HAVE_UINT16_T 1
| /* end confdefs.h.  */
| #ifdef HAVE_STDINT_H
| #include <stdint.h>
| #elif defined(HAVE_INTTYPES_H)
| #include <inttypes.h>
| #endif
| #ifdef HAVE_SYS_TYPES_H
| #include <sys/types.h>
| #endif
| 
| int
| main ()
| {
| if (sizeof ((uint8_t)))
| 	  return 0;
|   ;
|   return 0;
| }
configure:23081: result: yes
configure:23096: checking size of long long
configure:23401: gcc -o conftest -g -O2 -Wall   conftest.c -lresolv  >&5
configure:23405: $? = 0
configure:23411: ./conftest
configure:23415: $? = 0
configure:23441: result: 8
configure:23455: checking size of long
configure:23800: result: 8
configure:23814: checking size of int
configure:24119: gcc -o conftest -g -O2 -Wall   conftest.c -lresolv  >&5
configure:24123: $? = 0
configure:24129: ./conftest
configure:24133: $? = 0
configure:24159: result: 4
configure:24173: checking size of short
configure:24478: gcc -o conftest -g -O2 -Wall   conftest.c -lresolv  >&5
configure:24482: $? = 0
configure:24488: ./conftest
configure:24492: $? = 0
configure:24518: result: 2
configure:24528: checking for struct in6_addr
configure:24566: gcc -c -g -O2 -Wall  conftest.c >&5
configure:24573: $? = 0
configure:24610: gcc -c -g -O2 -Wall  conftest.c >&5
conftest.c: In function 'main':
conftest.c:84: error: expected expression before ')' token
configure:24617: $? = 1
configure: failed program was:
| /* confdefs.h.  */
| #define PACKAGE_NAME ""
| #define PACKAGE_TARNAME ""
| #define PACKAGE_VERSION ""
| #define PACKAGE_STRING ""
| #define PACKAGE_BUGREPORT ""
| #define PACKAGE "libevent"
| #define VERSION "1.4.11-stable"
| #define STDC_HEADERS 1
| #define HAVE_SYS_TYPES_H 1
| #define HAVE_SYS_STAT_H 1
| #define HAVE_STDLIB_H 1
| #define HAVE_STRING_H 1
| #define HAVE_MEMORY_H 1
| #define HAVE_STRINGS_H 1
| #define HAVE_INTTYPES_H 1
| #define HAVE_STDINT_H 1
| #define HAVE_UNISTD_H 1
| #define HAVE_DLFCN_H 1
| #define HAVE_LIBRESOLV 1
| #define STDC_HEADERS 1
| #define HAVE_FCNTL_H 1
| #define HAVE_STDARG_H 1
| #define HAVE_INTTYPES_H 1
| #define HAVE_STDINT_H 1
| #define HAVE_POLL_H 1
| #define HAVE_SIGNAL_H 1
| #define HAVE_UNISTD_H 1
| #define HAVE_SYS_TIME_H 1
| #define HAVE_SYS_QUEUE_H 1
| #define HAVE_SYS_EVENT_H 1
| #define HAVE_SYS_PARAM_H 1
| #define HAVE_SYS_IOCTL_H 1
| #define HAVE_SYS_SELECT_H 1
| #define HAVE_SYS_SOCKET_H 1
| #define HAVE_TAILQFOREACH 1
| #define HAVE_TIMERADD 1
| #define HAVE_TIMERCMP 1
| #define HAVE_TIMERCLEAR 1
| #define HAVE_TIMERISSET 1
| #define TIME_WITH_SYS_TIME 1
| #define HAVE_GETTIMEOFDAY 1
| #define HAVE_VASPRINTF 1
| #define HAVE_FCNTL 1
| #define HAVE_STRTOK_R 1
| #define HAVE_STRSEP 1
| #define HAVE_GETADDRINFO 1
| #define HAVE_GETNAMEINFO 1
| #define HAVE_STRLCPY 1
| #define HAVE_INET_NTOP 1
| #define HAVE_SIGNAL 1
| #define HAVE_SIGACTION 1
| #define HAVE_STRTOLL 1
| #define SIZEOF_LONG 8
| #define DNS_USE_GETTIMEOFDAY_FOR_ID 1
| #define HAVE_SETFD 1
| #define HAVE_SELECT 1
| #define HAVE_POLL 1
| #define HAVE_KQUEUE 1
| #define HAVE_WORKING_KQUEUE 1
| #define HAVE_UINT64_T 1
| #define HAVE_UINT32_T 1
| #define HAVE_UINT16_T 1
| #define HAVE_UINT8_T 1
| #define SIZEOF_LONG_LONG 8
| #define SIZEOF_LONG 8
| #define SIZEOF_INT 4
| #define SIZEOF_SHORT 2
| /* end confdefs.h.  */
| #ifdef WIN32
| #include <winsock2.h>
| #else
| #include <sys/types.h>
| #include <netinet/in.h>
| #include <sys/socket.h>
| #endif
| #ifdef HAVE_NETINET_IN6_H
| #include <netinet/in6.h>
| #endif
| 
| int
| main ()
| {
| if (sizeof ((struct in6_addr)))
| 	  return 0;
|   ;
|   return 0;
| }
configure:24640: result: yes
configure:24652: checking for socklen_t
configure:24677: gcc -c -g -O2 -Wall  conftest.c >&5
conftest.c: In function 'main':
conftest.c:77: warning: unused variable 'x'
configure:24684: $? = 0
configure:24689: result: yes
configure:24707: checking whether our compiler supports __func__
configure:24730: gcc -c -g -O2 -Wall  conftest.c >&5
conftest.c: In function 'main':
conftest.c:75: warning: unused variable 'cp'
configure:24737: $? = 0
configure:24742: result: yes
configure:25058: creating ./config.status

## ---------------------- ##
## Running config.status. ##
## ---------------------- ##

This file was extended by config.status, which was
generated by GNU Autoconf 2.63.  Invocation command line was

  CONFIG_FILES    = 
  CONFIG_HEADERS  = 
  CONFIG_LINKS    = 
  CONFIG_COMMANDS = 
  $ ./config.status 

on toonces.local

config.status:851: creating Makefile
config.status:851: creating test/Makefile
config.status:851: creating sample/Makefile
config.status:851: creating config.h
config.status:1073: config.h is unchanged
config.status:1125: executing depfiles commands

## ---------------- ##
## Cache variables. ##
## ---------------- ##

ac_cv_build=i386-apple-darwin10.2.0
ac_cv_c_compiler_gnu=yes
ac_cv_c_const=yes
ac_cv_c_inline=inline
ac_cv_cxx_compiler_gnu=yes
ac_cv_env_CCC_set=
ac_cv_env_CCC_value=
ac_cv_env_CC_set=
ac_cv_env_CC_value=
ac_cv_env_CFLAGS_set=
ac_cv_env_CFLAGS_value=
ac_cv_env_CPPFLAGS_set=
ac_cv_env_CPPFLAGS_value=
ac_cv_env_CPP_set=
ac_cv_env_CPP_value=
ac_cv_env_CXXCPP_set=
ac_cv_env_CXXCPP_value=
ac_cv_env_CXXFLAGS_set=
ac_cv_env_CXXFLAGS_value=
ac_cv_env_CXX_set=
ac_cv_env_CXX_value=
ac_cv_env_F77_set=
ac_cv_env_F77_value=
ac_cv_env_FFLAGS_set=
ac_cv_env_FFLAGS_value=
ac_cv_env_LDFLAGS_set=
ac_cv_env_LDFLAGS_value=
ac_cv_env_LIBS_set=
ac_cv_env_LIBS_value=
ac_cv_env_build_alias_set=
ac_cv_env_build_alias_value=
ac_cv_env_host_alias_set=
ac_cv_env_host_alias_value=
ac_cv_env_target_alias_set=
ac_cv_env_target_alias_value=
ac_cv_f77_compiler_gnu=no
ac_cv_func_clock_gettime=no
ac_cv_func_epoll_ctl=no
ac_cv_func_fcntl=yes
ac_cv_func_getaddrinfo=yes
ac_cv_func_getnameinfo=yes
ac_cv_func_gettimeofday=yes
ac_cv_func_inet_ntop=yes
ac_cv_func_kqueue=yes
ac_cv_func_poll=yes
ac_cv_func_port_create=no
ac_cv_func_select=yes
ac_cv_func_sigaction=yes
ac_cv_func_signal=yes
ac_cv_func_strlcpy=yes
ac_cv_func_strsep=yes
ac_cv_func_strtok_r=yes
ac_cv_func_strtoll=yes
ac_cv_func_vasprintf=yes
ac_cv_header_dlfcn_h=yes
ac_cv_header_fcntl_h=yes
ac_cv_header_inttypes_h=yes
ac_cv_header_memory_h=yes
ac_cv_header_netinet_in6_h=no
ac_cv_header_poll_h=yes
ac_cv_header_port_h=no
ac_cv_header_signal_h=yes
ac_cv_header_stdarg_h=yes
ac_cv_header_stdc=yes
ac_cv_header_stdint_h=yes
ac_cv_header_stdlib_h=yes
ac_cv_header_string_h=yes
ac_cv_header_strings_h=yes
ac_cv_header_sys_devpoll_h=no
ac_cv_header_sys_epoll_h=no
ac_cv_header_sys_event_h=yes
ac_cv_header_sys_ioctl_h=yes
ac_cv_header_sys_param_h=yes
ac_cv_header_sys_queue_h=yes
ac_cv_header_sys_select_h=yes
ac_cv_header_sys_socket_h=yes
ac_cv_header_sys_stat_h=yes
ac_cv_header_sys_time_h=yes
ac_cv_header_sys_types_h=yes
ac_cv_header_time=yes
ac_cv_header_unistd_h=yes
ac_cv_host=i386-apple-darwin10.2.0
ac_cv_lib_nsl_inet_ntoa=no
ac_cv_lib_resolv_inet_aton=yes
ac_cv_lib_rt_clock_gettime=no
ac_cv_lib_socket_socket=no
ac_cv_objext=o
ac_cv_path_EGREP='/usr/bin/grep -E'
ac_cv_path_GREP=/usr/bin/grep
ac_cv_path_install='/usr/bin/install -c'
ac_cv_prog_AWK=awk
ac_cv_prog_CPP='gcc -E'
ac_cv_prog_CXXCPP='g++ -E'
ac_cv_prog_ac_ct_AR=ar
ac_cv_prog_ac_ct_CC=gcc
ac_cv_prog_ac_ct_CXX=g++
ac_cv_prog_ac_ct_DSYMUTIL=dsymutil
ac_cv_prog_ac_ct_NMEDIT=nmedit
ac_cv_prog_ac_ct_RANLIB=ranlib
ac_cv_prog_ac_ct_STRIP=strip
ac_cv_prog_cc_c89=
ac_cv_prog_cc_g=yes
ac_cv_prog_cxx_g=yes
ac_cv_prog_f77_g=no
ac_cv_prog_gcc_traditional=no
ac_cv_prog_make_make_set=yes
ac_cv_sizeof_int=4
ac_cv_sizeof_long=8
ac_cv_sizeof_long_long=8
ac_cv_sizeof_short=2
ac_cv_type_pid_t=yes
ac_cv_type_size_t=yes
ac_cv_type_struct_in6_addr=yes
ac_cv_type_uint16_t=yes
ac_cv_type_uint32_t=yes
ac_cv_type_uint64_t=yes
ac_cv_type_uint8_t=yes
am_cv_CC_dependencies_compiler_type=none
am_cv_CXX_dependencies_compiler_type=none
lt_cv_apple_cc_single_mod=yes
lt_cv_deplibs_check_method=pass_all
lt_cv_file_magic_cmd='$MAGIC_CMD'
lt_cv_file_magic_test_file=
lt_cv_ld_exported_symbols_list=yes
lt_cv_ld_reload_flag=-r
lt_cv_objdir=.libs
lt_cv_path_LD=/usr/libexec/gcc/i686-apple-darwin10/4.2.1/ld
lt_cv_path_LDCXX=/usr/libexec/gcc/i686-apple-darwin10/4.2.1/ld
lt_cv_path_NM=/usr/bin/nm
lt_cv_path_SED=/usr/bin/sed
lt_cv_prog_compiler_c_o=yes
lt_cv_prog_compiler_c_o_CXX=yes
lt_cv_prog_compiler_pic_works=yes
lt_cv_prog_compiler_pic_works_CXX=yes
lt_cv_prog_compiler_rtti_exceptions=no
lt_cv_prog_compiler_static_works=no
lt_cv_prog_compiler_static_works_CXX=no
lt_cv_prog_gnu_ld=no
lt_cv_prog_gnu_ldcxx=no
lt_cv_sys_global_symbol_pipe='sed -n -e '\''s/^.*[ 	]\([BCDEGRST][BCDEGRST]*\)[ 	][ 	]*_\([_A-Za-z][_A-Za-z0-9]*\)$/\1 _\2 \2/p'\'''
lt_cv_sys_global_symbol_to_c_name_address='sed -n -e '\''s/^: \([^ ]*\) $/  {\"\1\", (lt_ptr) 0},/p'\'' -e '\''s/^[BCDEGRST] \([^ ]*\) \([^ ]*\)$/  {"\2", (lt_ptr) \&\2},/p'\'''
lt_cv_sys_global_symbol_to_cdecl='sed -n -e '\''s/^. .* \(.*\)$/extern int \1;/p'\'''
lt_cv_sys_lib_dlsearch_path_spec='/usr/local/lib /lib /usr/lib'
lt_cv_sys_lib_search_path_spec='/usr/lib/gcc/i686-apple-darwin10/4.2.1/x86_64 /usr/lib/i686-apple-darwin10/4.2.1 /usr/lib /usr/local/lib'
lt_cv_sys_max_cmd_len=196608
lt_lt_cv_prog_compiler_c_o='"yes"'
lt_lt_cv_prog_compiler_c_o_CXX='"yes"'
lt_lt_cv_sys_global_symbol_pipe='"sed -n -e '\''s/^.*[ 	]\\([BCDEGRST][BCDEGRST]*\\)[ 	][ 	]*_\\([_A-Za-z][_A-Za-z0-9]*\\)\$/\\1 _\\2 \\2/p'\''"'
lt_lt_cv_sys_global_symbol_to_c_name_address='"sed -n -e '\''s/^: \\([^ ]*\\) \$/  {\\\"\\1\\\", (lt_ptr) 0},/p'\'' -e '\''s/^[BCDEGRST] \\([^ ]*\\) \\([^ ]*\\)\$/  {\"\\2\", (lt_ptr) \\&\\2},/p'\''"'
lt_lt_cv_sys_global_symbol_to_cdecl='"sed -n -e '\''s/^. .* \\(.*\\)\$/extern int \\1;/p'\''"'

## ----------------- ##
## Output variables. ##
## ----------------- ##

ACLOCAL='${SHELL} /Users/poon/twitter/scribe/scribe-dependencies/libevent-1.4.11-stable/missing --run aclocal-1.10'
AMDEPBACKSLASH='\'
AMDEP_FALSE='#'
AMDEP_TRUE=''
AMTAR='${SHELL} /Users/poon/twitter/scribe/scribe-dependencies/libevent-1.4.11-stable/missing --run tar'
AR='ar'
AUTOCONF='${SHELL} /Users/poon/twitter/scribe/scribe-dependencies/libevent-1.4.11-stable/missing --run autoconf'
AUTOHEADER='${SHELL} /Users/poon/twitter/scribe/scribe-dependencies/libevent-1.4.11-stable/missing --run autoheader'
AUTOMAKE='${SHELL} /Users/poon/twitter/scribe/scribe-dependencies/libevent-1.4.11-stable/missing --run automake-1.10'
AWK='awk'
BUILD_WIN32_FALSE=''
BUILD_WIN32_TRUE='#'
CC='gcc'
CCDEPMODE='depmode=none'
CFLAGS='-g -O2 -Wall'
CPP='gcc -E'
CPPFLAGS=''
CXX='g++'
CXXCPP='g++ -E'
CXXDEPMODE='depmode=none'
CXXFLAGS='-g -O2'
CYGPATH_W='echo'
DEFS='-DHAVE_CONFIG_H'
DEPDIR='.deps'
DSYMUTIL='dsymutil'
ECHO='/bin/echo'
ECHO_C='\c'
ECHO_N=''
ECHO_T=''
EGREP='/usr/bin/grep -E'
EXEEXT=''
F77=''
FFLAGS=''
GREP='/usr/bin/grep'
INSTALL_DATA='${INSTALL} -m 644'
INSTALL_PROGRAM='${INSTALL}'
INSTALL_SCRIPT='${INSTALL}'
INSTALL_STRIP_PROGRAM='$(install_sh) -c -s'
LDFLAGS=''
LIBOBJS=' ${LIBOBJDIR}select$U.o ${LIBOBJDIR}poll$U.o ${LIBOBJDIR}kqueue$U.o ${LIBOBJDIR}signal$U.o'
LIBS='-lresolv '
LIBTOOL='$(SHELL) $(top_builddir)/libtool'
LIBTOOL_DEPS='./ltmain.sh'
LN_S='ln -s'
LTLIBOBJS=' ${LIBOBJDIR}select$U.lo ${LIBOBJDIR}poll$U.lo ${LIBOBJDIR}kqueue$U.lo ${LIBOBJDIR}signal$U.lo'
MAKEINFO='${SHELL} /Users/poon/twitter/scribe/scribe-dependencies/libevent-1.4.11-stable/missing --run makeinfo'
MKDIR_P='./install-sh -c -d'
NMEDIT='nmedit'
OBJEXT='o'
PACKAGE='libevent'
PACKAGE_BUGREPORT=''
PACKAGE_NAME=''
PACKAGE_STRING=''
PACKAGE_TARNAME=''
PACKAGE_VERSION=''
PATH_SEPARATOR=':'
RANLIB='ranlib'
SED='/usr/bin/sed'
SET_MAKE=''
SHELL='/bin/sh'
STRIP='strip'
VERSION='1.4.11-stable'
ac_ct_CC='gcc'
ac_ct_CXX='g++'
ac_ct_F77=''
am__fastdepCC_FALSE=''
am__fastdepCC_TRUE='#'
am__fastdepCXX_FALSE=''
am__fastdepCXX_TRUE='#'
am__include='include'
am__isrc=''
am__leading_dot='.'
am__quote=''
am__tar='${AMTAR} chof - "$$tardir"'
am__untar='${AMTAR} xf -'
bindir='${exec_prefix}/bin'
build='i386-apple-darwin10.2.0'
build_alias=''
build_cpu='i386'
build_os='darwin10.2.0'
build_vendor='apple'
datadir='${datarootdir}'
datarootdir='${prefix}/share'
docdir='${datarootdir}/doc/${PACKAGE}'
dvidir='${docdir}'
exec_prefix='${prefix}'
host='i386-apple-darwin10.2.0'
host_alias=''
host_cpu='i386'
host_os='darwin10.2.0'
host_vendor='apple'
htmldir='${docdir}'
includedir='${prefix}/include'
infodir='${datarootdir}/info'
install_sh='$(SHELL) /Users/poon/twitter/scribe/scribe-dependencies/libevent-1.4.11-stable/install-sh'
libdir='${exec_prefix}/lib'
libexecdir='${exec_prefix}/libexec'
localedir='${datarootdir}/locale'
localstatedir='${prefix}/var'
mandir='${datarootdir}/man'
mkdir_p='$(top_builddir)/./install-sh -c -d'
oldincludedir='/usr/include'
pdfdir='${docdir}'
prefix='/usr/local'
program_transform_name='s,x,x,'
psdir='${docdir}'
sbindir='${exec_prefix}/sbin'
sharedstatedir='${prefix}/com'
sysconfdir='${prefix}/etc'
target_alias=''

## ----------- ##
## confdefs.h. ##
## ----------- ##

#define PACKAGE_NAME ""
#define PACKAGE_TARNAME ""
#define PACKAGE_VERSION ""
#define PACKAGE_STRING ""
#define PACKAGE_BUGREPORT ""
#define PACKAGE "libevent"
#define VERSION "1.4.11-stable"
#define STDC_HEADERS 1
#define HAVE_SYS_TYPES_H 1
#define HAVE_SYS_STAT_H 1
#define HAVE_STDLIB_H 1
#define HAVE_STRING_H 1
#define HAVE_MEMORY_H 1
#define HAVE_STRINGS_H 1
#define HAVE_INTTYPES_H 1
#define HAVE_STDINT_H 1
#define HAVE_UNISTD_H 1
#define HAVE_DLFCN_H 1
#define HAVE_LIBRESOLV 1
#define STDC_HEADERS 1
#define HAVE_FCNTL_H 1
#define HAVE_STDARG_H 1
#define HAVE_INTTYPES_H 1
#define HAVE_STDINT_H 1
#define HAVE_POLL_H 1
#define HAVE_SIGNAL_H 1
#define HAVE_UNISTD_H 1
#define HAVE_SYS_TIME_H 1
#define HAVE_SYS_QUEUE_H 1
#define HAVE_SYS_EVENT_H 1
#define HAVE_SYS_PARAM_H 1
#define HAVE_SYS_IOCTL_H 1
#define HAVE_SYS_SELECT_H 1
#define HAVE_SYS_SOCKET_H 1
#define HAVE_TAILQFOREACH 1
#define HAVE_TIMERADD 1
#define HAVE_TIMERCMP 1
#define HAVE_TIMERCLEAR 1
#define HAVE_TIMERISSET 1
#define TIME_WITH_SYS_TIME 1
#define HAVE_GETTIMEOFDAY 1
#define HAVE_VASPRINTF 1
#define HAVE_FCNTL 1
#define HAVE_STRTOK_R 1
#define HAVE_STRSEP 1
#define HAVE_GETADDRINFO 1
#define HAVE_GETNAMEINFO 1
#define HAVE_STRLCPY 1
#define HAVE_INET_NTOP 1
#define HAVE_SIGNAL 1
#define HAVE_SIGACTION 1
#define HAVE_STRTOLL 1
#define SIZEOF_LONG 8
#define DNS_USE_GETTIMEOFDAY_FOR_ID 1
#define HAVE_SETFD 1
#define HAVE_SELECT 1
#define HAVE_POLL 1
#define HAVE_KQUEUE 1
#define HAVE_WORKING_KQUEUE 1
#define HAVE_UINT64_T 1
#define HAVE_UINT32_T 1
#define HAVE_UINT16_T 1
#define HAVE_UINT8_T 1
#define SIZEOF_LONG_LONG 8
#define SIZEOF_LONG 8
#define SIZEOF_INT 4
#define SIZEOF_SHORT 2
#define HAVE_STRUCT_IN6_ADDR 1

configure: exit 0
