ERROR   (2009-10-30) 14:25.56:316   [cocoon.manager] (Unknown-URI) Unknown-Thread/SelectNode: Ignoring locationmap config exception: Unable to build LocationMap.
org.apache.avalon.framework.configuration.ConfigurationException: Unable to build LocationMap.
	at org.apache.forrest.locationmap.lm.MountNode.loadConfiguration(MountNode.java:129)
	at org.apache.forrest.locationmap.lm.MountNode.getLocationMap(MountNode.java:87)
	at org.apache.forrest.locationmap.lm.MountNode.locate(MountNode.java:157)
	at org.apache.forrest.locationmap.lm.SelectNode.locate(SelectNode.java:110)
	at org.apache.forrest.locationmap.lm.LocatorNode.locate(LocatorNode.java:122)
	at org.apache.forrest.locationmap.lm.LocationMap.locate(LocationMap.java:276)
	at org.apache.forrest.locationmap.LocationMapModule.getAttribute(LocationMapModule.java:203)
	at org.apache.cocoon.components.treeprocessor.variables.PreparedVariableResolver.processModule(PreparedVariableResolver.java:246)
	at org.apache.cocoon.components.treeprocessor.variables.PreparedVariableResolver.resolve(PreparedVariableResolver.java:197)
	at org.apache.cocoon.components.treeprocessor.sitemap.SelectNode.invoke(SelectNode.java:77)
	at org.apache.cocoon.components.treeprocessor.AbstractParentProcessingNode.invokeNodes(AbstractParentProcessingNode.java:77)
	at org.apache.cocoon.components.treeprocessor.sitemap.PipelineNode.invoke(PipelineNode.java:155)
	at org.apache.cocoon.components.treeprocessor.AbstractParentProcessingNode.invokeNodes(AbstractParentProcessingNode.java:77)
	at org.apache.cocoon.components.treeprocessor.sitemap.PipelinesNode.invoke(PipelinesNode.java:95)
	at org.apache.cocoon.components.treeprocessor.ConcreteTreeProcessor.process(ConcreteTreeProcessor.java:292)
	at org.apache.cocoon.components.treeprocessor.ConcreteTreeProcessor.process(ConcreteTreeProcessor.java:223)
	at org.apache.cocoon.components.treeprocessor.TreeProcessor.process(TreeProcessor.java:289)
	at org.apache.cocoon.Cocoon.process(Cocoon.java:557)
	at org.apache.cocoon.bean.CocoonWrapper.getPage(CocoonWrapper.java:426)
	at org.apache.cocoon.bean.CocoonBean.processTarget(CocoonBean.java:496)
	at org.apache.cocoon.bean.CocoonBean.process(CocoonBean.java:357)
	at org.apache.cocoon.Main.main(Main.java:311)
Caused by: org.apache.excalibur.source.SourceNotFoundException: Exception during processing of cocoon://locationmap-project.xml
	at org.apache.cocoon.components.source.impl.SitemapSource.getInputStream(SitemapSource.java:207)
	at org.apache.forrest.locationmap.lm.MountNode.loadConfiguration(MountNode.java:125)
	... 21 more
Caused by: org.apache.cocoon.ResourceNotFoundException: Resource not found.
	at <map:serialize type="xml"> - file:/home/chad/Cloudera/java/apache-forrest-0.8/main/webapp/./sitemap.xmap:364:36
	at <map:generate> - file:/home/chad/Cloudera/java/apache-forrest-0.8/main/webapp/./sitemap.xmap:363:66
	at org.apache.cocoon.components.source.SourceUtil.handle(SourceUtil.java:377)
	at org.apache.cocoon.components.source.SourceUtil.getInputSource(SourceUtil.java:450)
	at org.apache.cocoon.components.source.SourceUtil.parse(SourceUtil.java:281)
	at org.apache.cocoon.generation.FileGenerator.generate(FileGenerator.java:118)
	at org.apache.cocoon.components.pipeline.AbstractProcessingPipeline.processXMLPipeline(AbstractProcessingPipeline.java:537)
	at org.apache.cocoon.components.pipeline.impl.AbstractCachingProcessingPipeline.processXMLPipeline(AbstractCachingProcessingPipeline.java:174)
	at org.apache.cocoon.components.pipeline.AbstractProcessingPipeline.process(AbstractProcessingPipeline.java:437)
	at org.apache.cocoon.components.source.impl.SitemapSource.getInputStream(SitemapSource.java:199)
	... 22 more
Caused by: org.apache.excalibur.source.SourceNotFoundException: file:/home/chad/Cloudera/src/cdh/build/hadoop20/0.20.1+152/source/src/docs/cn/src/documentation/content/locationmap.xml doesn't exist.
	at org.apache.excalibur.source.impl.FileSource.getInputStream(FileSource.java:150)
	at org.apache.cocoon.components.source.SourceUtil.getInputSource(SourceUtil.java:445)
	... 28 more
Caused by: java.io.FileNotFoundException: /home/chad/Cloudera/src/cdh/build/hadoop20/0.20.1+152/source/src/docs/cn/src/documentation/content/locationmap.xml (No such file or directory)
	at java.io.FileInputStream.open(Native Method)
	at java.io.FileInputStream.<init>(FileInputStream.java:106)
	at org.apache.excalibur.source.impl.FileSource.getInputStream(FileSource.java:146)
	... 29 more
ERROR   (2009-10-30) 14:26.18:983   [cocoon.manager.fop] (Unknown-URI) Unknown-Thread/MessageHandler: TrueType warning: Can't find cvt table
ERROR   (2009-10-30) 14:26.18:984   [cocoon.manager.fop] (Unknown-URI) Unknown-Thread/MessageHandler: TrueType warning: Can't find prep table
ERROR   (2009-10-30) 14:26.19:221   [cocoon.manager.fop] (Unknown-URI) Unknown-Thread/MessageHandler: Error in space-after property value '6pt"': org.apache.fop.fo.expr.PropertyException: missing quote
ERROR   (2009-10-30) 14:26.19:235   [cocoon.manager.fop] (Unknown-URI) Unknown-Thread/MessageHandler: Error in space-after property value '6pt"': org.apache.fop.fo.expr.PropertyException: missing quote
ERROR   (2009-10-30) 14:26.19:312   [cocoon.manager.fop] (Unknown-URI) Unknown-Thread/MessageHandler: property 'fonts-family' ignored
ERROR   (2009-10-30) 14:26.19:313   [cocoon.manager.fop] (Unknown-URI) Unknown-Thread/MessageHandler: property 'fonts-family' ignored
ERROR   (2009-10-30) 14:26.19:565   [cocoon.manager.fop] (Unknown-URI) Unknown-Thread/MessageHandler: property 'fonts-family' ignored
ERROR   (2009-10-30) 14:26.19:565   [cocoon.manager.fop] (Unknown-URI) Unknown-Thread/MessageHandler: property 'fonts-family' ignored
ERROR   (2009-10-30) 14:26.19:566   [cocoon.manager.fop] (Unknown-URI) Unknown-Thread/MessageHandler: property 'fonts-family' ignored
ERROR   (2009-10-30) 14:26.19:566   [cocoon.manager.fop] (Unknown-URI) Unknown-Thread/MessageHandler: property 'fonts-family' ignored
ERROR   (2009-10-30) 14:26.19:566   [cocoon.manager.fop] (Unknown-URI) Unknown-Thread/MessageHandler: property 'fonts-family' ignored
ERROR   (2009-10-30) 14:26.19:584   [cocoon.manager.fop] (Unknown-URI) Unknown-Thread/MessageHandler: property 'fonts-family' ignored
ERROR   (2009-10-30) 14:26.19:585   [cocoon.manager.fop] (Unknown-URI) Unknown-Thread/MessageHandler: property 'fonts-family' ignored
ERROR   (2009-10-30) 14:26.19:586   [cocoon.manager.fop] (Unknown-URI) Unknown-Thread/MessageHandler: property 'fonts-family' ignored
ERROR   (2009-10-30) 14:26.19:589   [cocoon.manager.fop] (Unknown-URI) Unknown-Thread/MessageHandler: property 'fonts-family' ignored
ERROR   (2009-10-30) 14:26.19:590   [cocoon.manager.fop] (Unknown-URI) Unknown-Thread/MessageHandler: property 'fonts-family' ignored
ERROR   (2009-10-30) 14:26.19:591   [cocoon.manager.fop] (Unknown-URI) Unknown-Thread/MessageHandler: property 'fonts-family' ignored
ERROR   (2009-10-30) 14:26.21:107   [cocoon.manager.fop] (Unknown-URI) Unknown-Thread/MessageHandler: TrueType warning: Can't find cvt table
ERROR   (2009-10-30) 14:26.21:107   [cocoon.manager.fop] (Unknown-URI) Unknown-Thread/MessageHandler: TrueType warning: Can't find prep table
ERROR   (2009-10-30) 14:26.21:598   [cocoon.manager.fop] (Unknown-URI) Unknown-Thread/MessageHandler: property 'fonts-family' ignored
ERROR   (2009-10-30) 14:26.22:113   [cocoon.manager.fop] (Unknown-URI) Unknown-Thread/MessageHandler: property 'fonts-family' ignored
ERROR   (2009-10-30) 14:26.22:175   [cocoon.manager.fop] (Unknown-URI) Unknown-Thread/MessageHandler: property 'fonts-family' ignored
ERROR   (2009-10-30) 14:26.22:176   [cocoon.manager.fop] (Unknown-URI) Unknown-Thread/MessageHandler: property 'fonts-family' ignored
ERROR   (2009-10-30) 14:26.22:182   [cocoon.manager.fop] (Unknown-URI) Unknown-Thread/MessageHandler: property 'fonts-family' ignored
ERROR   (2009-10-30) 14:26.22:236   [cocoon.manager.fop] (Unknown-URI) Unknown-Thread/MessageHandler: property 'fonts-family' ignored
ERROR   (2009-10-30) 14:26.22:236   [cocoon.manager.fop] (Unknown-URI) Unknown-Thread/MessageHandler: property 'fonts-family' ignored
ERROR   (2009-10-30) 14:26.22:237   [cocoon.manager.fop] (Unknown-URI) Unknown-Thread/MessageHandler: property 'fonts-family' ignored
ERROR   (2009-10-30) 14:26.22:237   [cocoon.manager.fop] (Unknown-URI) Unknown-Thread/MessageHandler: property 'fonts-family' ignored
ERROR   (2009-10-30) 14:26.22:240   [cocoon.manager.fop] (Unknown-URI) Unknown-Thread/MessageHandler: property 'fonts-family' ignored
ERROR   (2009-10-30) 14:26.22:241   [cocoon.manager.fop] (Unknown-URI) Unknown-Thread/MessageHandler: property 'fonts-family' ignored
ERROR   (2009-10-30) 14:26.22:241   [cocoon.manager.fop] (Unknown-URI) Unknown-Thread/MessageHandler: property 'fonts-family' ignored
ERROR   (2009-10-30) 14:26.22:241   [cocoon.manager.fop] (Unknown-URI) Unknown-Thread/MessageHandler: property 'fonts-family' ignored
ERROR   (2009-10-30) 14:26.22:241   [cocoon.manager.fop] (Unknown-URI) Unknown-Thread/MessageHandler: property 'fonts-family' ignored
ERROR   (2009-10-30) 14:26.22:254   [cocoon.manager.fop] (Unknown-URI) Unknown-Thread/MessageHandler: property 'fonts-family' ignored
ERROR   (2009-10-30) 14:26.22:254   [cocoon.manager.fop] (Unknown-URI) Unknown-Thread/MessageHandler: property 'fonts-family' ignored
ERROR   (2009-10-30) 14:26.22:254   [cocoon.manager.fop] (Unknown-URI) Unknown-Thread/MessageHandler: property 'fonts-family' ignored
ERROR   (2009-10-30) 14:26.22:255   [cocoon.manager.fop] (Unknown-URI) Unknown-Thread/MessageHandler: property 'fonts-family' ignored
ERROR   (2009-10-30) 14:26.23:608   [cocoon.manager.fop] (Unknown-URI) Unknown-Thread/MessageHandler: TrueType warning: Can't find cvt table
ERROR   (2009-10-30) 14:26.23:608   [cocoon.manager.fop] (Unknown-URI) Unknown-Thread/MessageHandler: TrueType warning: Can't find prep table
ERROR   (2009-10-30) 14:26.24:067   [cocoon.manager.fop] (Unknown-URI) Unknown-Thread/MessageHandler: Error in space-after property value '6pt"': org.apache.fop.fo.expr.PropertyException: missing quote
ERROR   (2009-10-30) 14:26.24:068   [cocoon.manager.fop] (Unknown-URI) Unknown-Thread/MessageHandler: Error in space-after property value '6pt"': org.apache.fop.fo.expr.PropertyException: missing quote
ERROR   (2009-10-30) 14:26.24:070   [cocoon.manager.fop] (Unknown-URI) Unknown-Thread/MessageHandler: property 'fonts-family' ignored
ERROR   (2009-10-30) 14:26.24:074   [cocoon.manager.fop] (Unknown-URI) Unknown-Thread/MessageHandler: property 'fonts-family' ignored
ERROR   (2009-10-30) 14:26.24:074   [cocoon.manager.fop] (Unknown-URI) Unknown-Thread/MessageHandler: property 'fonts-family' ignored
ERROR   (2009-10-30) 14:26.24:077   [cocoon.manager.fop] (Unknown-URI) Unknown-Thread/MessageHandler: property 'fonts-family' ignored
ERROR   (2009-10-30) 14:26.24:077   [cocoon.manager.fop] (Unknown-URI) Unknown-Thread/MessageHandler: property 'fonts-family' ignored
ERROR   (2009-10-30) 14:26.24:078   [cocoon.manager.fop] (Unknown-URI) Unknown-Thread/MessageHandler: property 'fonts-family' ignored
ERROR   (2009-10-30) 14:26.24:078   [cocoon.manager.fop] (Unknown-URI) Unknown-Thread/MessageHandler: property 'fonts-family' ignored
ERROR   (2009-10-30) 14:26.24:159   [cocoon.manager.fop] (Unknown-URI) Unknown-Thread/MessageHandler: property 'fonts-family' ignored
ERROR   (2009-10-30) 14:26.24:159   [cocoon.manager.fop] (Unknown-URI) Unknown-Thread/MessageHandler: property 'fonts-family' ignored
ERROR   (2009-10-30) 14:26.24:160   [cocoon.manager.fop] (Unknown-URI) Unknown-Thread/MessageHandler: property 'fonts-family' ignored
ERROR   (2009-10-30) 14:26.24:161   [cocoon.manager.fop] (Unknown-URI) Unknown-Thread/MessageHandler: property 'fonts-family' ignored
ERROR   (2009-10-30) 14:26.24:161   [cocoon.manager.fop] (Unknown-URI) Unknown-Thread/MessageHandler: property 'fonts-family' ignored
ERROR   (2009-10-30) 14:26.24:164   [cocoon.manager.fop] (Unknown-URI) Unknown-Thread/MessageHandler: property 'fonts-family' ignored
ERROR   (2009-10-30) 14:26.24:164   [cocoon.manager.fop] (Unknown-URI) Unknown-Thread/MessageHandler: property 'fonts-family' ignored
ERROR   (2009-10-30) 14:26.24:165   [cocoon.manager.fop] (Unknown-URI) Unknown-Thread/MessageHandler: property 'fonts-family' ignored
ERROR   (2009-10-30) 14:26.24:165   [cocoon.manager.fop] (Unknown-URI) Unknown-Thread/MessageHandler: property 'fonts-family' ignored
ERROR   (2009-10-30) 14:26.24:166   [cocoon.manager.fop] (Unknown-URI) Unknown-Thread/MessageHandler: property 'fonts-family' ignored
ERROR   (2009-10-30) 14:26.24:166   [cocoon.manager.fop] (Unknown-URI) Unknown-Thread/MessageHandler: property 'fonts-family' ignored
ERROR   (2009-10-30) 14:26.24:855   [cocoon.manager.fop] (Unknown-URI) Unknown-Thread/MessageHandler: TrueType warning: Can't find cvt table
ERROR   (2009-10-30) 14:26.24:856   [cocoon.manager.fop] (Unknown-URI) Unknown-Thread/MessageHandler: TrueType warning: Can't find prep table
ERROR   (2009-10-30) 14:26.24:984   [cocoon.manager.fop] (Unknown-URI) Unknown-Thread/MessageHandler: property 'fonts-family' ignored
ERROR   (2009-10-30) 14:26.24:984   [cocoon.manager.fop] (Unknown-URI) Unknown-Thread/MessageHandler: property 'fonts-family' ignored
ERROR   (2009-10-30) 14:26.25:768   [cocoon.manager.fop] (Unknown-URI) Unknown-Thread/MessageHandler: TrueType warning: Can't find cvt table
ERROR   (2009-10-30) 14:26.25:769   [cocoon.manager.fop] (Unknown-URI) Unknown-Thread/MessageHandler: TrueType warning: Can't find prep table
ERROR   (2009-10-30) 14:26.25:910   [cocoon.manager.fop] (Unknown-URI) Unknown-Thread/MessageHandler: property 'fonts-family' ignored
ERROR   (2009-10-30) 14:26.25:922   [cocoon.manager.fop] (Unknown-URI) Unknown-Thread/MessageHandler: property 'fonts-family' ignored
ERROR   (2009-10-30) 14:26.25:927   [cocoon.manager.fop] (Unknown-URI) Unknown-Thread/MessageHandler: property 'fonts-family' ignored
ERROR   (2009-10-30) 14:26.25:928   [cocoon.manager.fop] (Unknown-URI) Unknown-Thread/MessageHandler: property 'fonts-family' ignored
ERROR   (2009-10-30) 14:26.25:928   [cocoon.manager.fop] (Unknown-URI) Unknown-Thread/MessageHandler: property 'fonts-family' ignored
ERROR   (2009-10-30) 14:26.25:928   [cocoon.manager.fop] (Unknown-URI) Unknown-Thread/MessageHandler: property 'fonts-family' ignored
ERROR   (2009-10-30) 14:26.25:928   [cocoon.manager.fop] (Unknown-URI) Unknown-Thread/MessageHandler: property 'fonts-family' ignored
ERROR   (2009-10-30) 14:26.25:934   [cocoon.manager.fop] (Unknown-URI) Unknown-Thread/MessageHandler: property 'fonts-family' ignored
ERROR   (2009-10-30) 14:26.25:948   [cocoon.manager.fop] (Unknown-URI) Unknown-Thread/MessageHandler: property 'fonts-family' ignored
ERROR   (2009-10-30) 14:26.25:949   [cocoon.manager.fop] (Unknown-URI) Unknown-Thread/MessageHandler: property 'fonts-family' ignored
ERROR   (2009-10-30) 14:26.25:949   [cocoon.manager.fop] (Unknown-URI) Unknown-Thread/MessageHandler: property 'fonts-family' ignored
ERROR   (2009-10-30) 14:26.25:949   [cocoon.manager.fop] (Unknown-URI) Unknown-Thread/MessageHandler: property 'fonts-family' ignored
ERROR   (2009-10-30) 14:26.25:949   [cocoon.manager.fop] (Unknown-URI) Unknown-Thread/MessageHandler: property 'fonts-family' ignored
ERROR   (2009-10-30) 14:26.25:949   [cocoon.manager.fop] (Unknown-URI) Unknown-Thread/MessageHandler: property 'fonts-family' ignored
ERROR   (2009-10-30) 14:26.25:950   [cocoon.manager.fop] (Unknown-URI) Unknown-Thread/MessageHandler: property 'fonts-family' ignored
ERROR   (2009-10-30) 14:26.25:950   [cocoon.manager.fop] (Unknown-URI) Unknown-Thread/MessageHandler: property 'fonts-family' ignored
ERROR   (2009-10-30) 14:26.25:952   [cocoon.manager.fop] (Unknown-URI) Unknown-Thread/MessageHandler: property 'fonts-family' ignored
ERROR   (2009-10-30) 14:26.25:953   [cocoon.manager.fop] (Unknown-URI) Unknown-Thread/MessageHandler: property 'fonts-family' ignored
ERROR   (2009-10-30) 14:26.25:957   [cocoon.manager.fop] (Unknown-URI) Unknown-Thread/MessageHandler: property 'fonts-family' ignored
ERROR   (2009-10-30) 14:26.25:960   [cocoon.manager.fop] (Unknown-URI) Unknown-Thread/MessageHandler: property 'fonts-family' ignored
ERROR   (2009-10-30) 14:26.25:961   [cocoon.manager.fop] (Unknown-URI) Unknown-Thread/MessageHandler: property 'fonts-family' ignored
ERROR   (2009-10-30) 14:26.25:963   [cocoon.manager.fop] (Unknown-URI) Unknown-Thread/MessageHandler: property 'fonts-family' ignored
ERROR   (2009-10-30) 14:26.25:965   [cocoon.manager.fop] (Unknown-URI) Unknown-Thread/MessageHandler: property 'fonts-family' ignored
ERROR   (2009-10-30) 14:26.25:970   [cocoon.manager.fop] (Unknown-URI) Unknown-Thread/MessageHandler: property 'fonts-family' ignored
ERROR   (2009-10-30) 14:26.25:972   [cocoon.manager.fop] (Unknown-URI) Unknown-Thread/MessageHandler: property 'fonts-family' ignored
ERROR   (2009-10-30) 14:26.25:974   [cocoon.manager.fop] (Unknown-URI) Unknown-Thread/MessageHandler: property 'fonts-family' ignored
ERROR   (2009-10-30) 14:26.25:974   [cocoon.manager.fop] (Unknown-URI) Unknown-Thread/MessageHandler: property 'fonts-family' ignored
ERROR   (2009-10-30) 14:26.25:974   [cocoon.manager.fop] (Unknown-URI) Unknown-Thread/MessageHandler: property 'fonts-family' ignored
ERROR   (2009-10-30) 14:26.25:974   [cocoon.manager.fop] (Unknown-URI) Unknown-Thread/MessageHandler: property 'fonts-family' ignored
ERROR   (2009-10-30) 14:26.25:976   [cocoon.manager.fop] (Unknown-URI) Unknown-Thread/MessageHandler: property 'fonts-family' ignored
ERROR   (2009-10-30) 14:26.25:978   [cocoon.manager.fop] (Unknown-URI) Unknown-Thread/MessageHandler: property 'fonts-family' ignored
ERROR   (2009-10-30) 14:26.25:978   [cocoon.manager.fop] (Unknown-URI) Unknown-Thread/MessageHandler: property 'fonts-family' ignored
ERROR   (2009-10-30) 14:26.26:619   [cocoon.manager.fop] (Unknown-URI) Unknown-Thread/MessageHandler: TrueType warning: Can't find cvt table
ERROR   (2009-10-30) 14:26.26:621   [cocoon.manager.fop] (Unknown-URI) Unknown-Thread/MessageHandler: TrueType warning: Can't find prep table
ERROR   (2009-10-30) 14:26.27:749   [cocoon.manager.fop] (Unknown-URI) Unknown-Thread/MessageHandler: TrueType warning: Can't find cvt table
ERROR   (2009-10-30) 14:26.27:749   [cocoon.manager.fop] (Unknown-URI) Unknown-Thread/MessageHandler: TrueType warning: Can't find prep table
ERROR   (2009-10-30) 14:26.27:906   [cocoon.manager.fop] (Unknown-URI) Unknown-Thread/MessageHandler: property 'fonts-family' ignored
ERROR   (2009-10-30) 14:26.27:936   [cocoon.manager.fop] (Unknown-URI) Unknown-Thread/MessageHandler: property 'fonts-family' ignored
ERROR   (2009-10-30) 14:26.27:937   [cocoon.manager.fop] (Unknown-URI) Unknown-Thread/MessageHandler: property 'fonts-family' ignored
ERROR   (2009-10-30) 14:26.27:937   [cocoon.manager.fop] (Unknown-URI) Unknown-Thread/MessageHandler: property 'fonts-family' ignored
ERROR   (2009-10-30) 14:26.27:945   [cocoon.manager.fop] (Unknown-URI) Unknown-Thread/MessageHandler: Error in space-after property value '6pt"': org.apache.fop.fo.expr.PropertyException: missing quote
ERROR   (2009-10-30) 14:26.27:945   [cocoon.manager.fop] (Unknown-URI) Unknown-Thread/MessageHandler: property 'fonts-family' ignored
ERROR   (2009-10-30) 14:26.28:473   [cocoon.manager.fop] (Unknown-URI) Unknown-Thread/MessageHandler: TrueType warning: Can't find cvt table
ERROR   (2009-10-30) 14:26.28:474   [cocoon.manager.fop] (Unknown-URI) Unknown-Thread/MessageHandler: TrueType warning: Can't find prep table
ERROR   (2009-10-30) 14:26.30:701   [cocoon.manager.fop] (Unknown-URI) Unknown-Thread/MessageHandler: property 'fonts-family' ignored
ERROR   (2009-10-30) 14:26.30:701   [cocoon.manager.fop] (Unknown-URI) Unknown-Thread/MessageHandler: property 'fonts-family' ignored
ERROR   (2009-10-30) 14:26.30:702   [cocoon.manager.fop] (Unknown-URI) Unknown-Thread/MessageHandler: property 'fonts-family' ignored
ERROR   (2009-10-30) 14:26.30:702   [cocoon.manager.fop] (Unknown-URI) Unknown-Thread/MessageHandler: property 'fonts-family' ignored
ERROR   (2009-10-30) 14:26.30:703   [cocoon.manager.fop] (Unknown-URI) Unknown-Thread/MessageHandler: property 'fonts-family' ignored
ERROR   (2009-10-30) 14:26.30:703   [cocoon.manager.fop] (Unknown-URI) Unknown-Thread/MessageHandler: property 'fonts-family' ignored
ERROR   (2009-10-30) 14:26.30:703   [cocoon.manager.fop] (Unknown-URI) Unknown-Thread/MessageHandler: property 'fonts-family' ignored
ERROR   (2009-10-30) 14:26.30:703   [cocoon.manager.fop] (Unknown-URI) Unknown-Thread/MessageHandler: property 'fonts-family' ignored
ERROR   (2009-10-30) 14:26.30:703   [cocoon.manager.fop] (Unknown-URI) Unknown-Thread/MessageHandler: property 'fonts-family' ignored
ERROR   (2009-10-30) 14:26.30:704   [cocoon.manager.fop] (Unknown-URI) Unknown-Thread/MessageHandler: property 'fonts-family' ignored
ERROR   (2009-10-30) 14:26.30:704   [cocoon.manager.fop] (Unknown-URI) Unknown-Thread/MessageHandler: property 'fonts-family' ignored
ERROR   (2009-10-30) 14:26.30:705   [cocoon.manager.fop] (Unknown-URI) Unknown-Thread/MessageHandler: property 'fonts-family' ignored
ERROR   (2009-10-30) 14:26.30:705   [cocoon.manager.fop] (Unknown-URI) Unknown-Thread/MessageHandler: property 'fonts-family' ignored
ERROR   (2009-10-30) 14:26.30:705   [cocoon.manager.fop] (Unknown-URI) Unknown-Thread/MessageHandler: property 'fonts-family' ignored
ERROR   (2009-10-30) 14:26.30:705   [cocoon.manager.fop] (Unknown-URI) Unknown-Thread/MessageHandler: property 'fonts-family' ignored
ERROR   (2009-10-30) 14:26.30:705   [cocoon.manager.fop] (Unknown-URI) Unknown-Thread/MessageHandler: property 'fonts-family' ignored
ERROR   (2009-10-30) 14:26.30:707   [cocoon.manager.fop] (Unknown-URI) Unknown-Thread/MessageHandler: property 'fonts-family' ignored
ERROR   (2009-10-30) 14:26.30:712   [cocoon.manager.fop] (Unknown-URI) Unknown-Thread/MessageHandler: property 'fonts-family' ignored
ERROR   (2009-10-30) 14:26.30:712   [cocoon.manager.fop] (Unknown-URI) Unknown-Thread/MessageHandler: property 'fonts-family' ignored
ERROR   (2009-10-30) 14:26.30:712   [cocoon.manager.fop] (Unknown-URI) Unknown-Thread/MessageHandler: property 'fonts-family' ignored
ERROR   (2009-10-30) 14:26.30:713   [cocoon.manager.fop] (Unknown-URI) Unknown-Thread/MessageHandler: property 'fonts-family' ignored
ERROR   (2009-10-30) 14:26.30:713   [cocoon.manager.fop] (Unknown-URI) Unknown-Thread/MessageHandler: property 'fonts-family' ignored
ERROR   (2009-10-30) 14:26.30:713   [cocoon.manager.fop] (Unknown-URI) Unknown-Thread/MessageHandler: property 'fonts-family' ignored
ERROR   (2009-10-30) 14:26.30:713   [cocoon.manager.fop] (Unknown-URI) Unknown-Thread/MessageHandler: property 'fonts-family' ignored
ERROR   (2009-10-30) 14:26.30:714   [cocoon.manager.fop] (Unknown-URI) Unknown-Thread/MessageHandler: property 'fonts-family' ignored
ERROR   (2009-10-30) 14:26.30:714   [cocoon.manager.fop] (Unknown-URI) Unknown-Thread/MessageHandler: property 'fonts-family' ignored
ERROR   (2009-10-30) 14:26.30:714   [cocoon.manager.fop] (Unknown-URI) Unknown-Thread/MessageHandler: property 'fonts-family' ignored
ERROR   (2009-10-30) 14:26.30:715   [cocoon.manager.fop] (Unknown-URI) Unknown-Thread/MessageHandler: property 'fonts-family' ignored
ERROR   (2009-10-30) 14:26.30:715   [cocoon.manager.fop] (Unknown-URI) Unknown-Thread/MessageHandler: property 'fonts-family' ignored
ERROR   (2009-10-30) 14:26.30:715   [cocoon.manager.fop] (Unknown-URI) Unknown-Thread/MessageHandler: property 'fonts-family' ignored
ERROR   (2009-10-30) 14:26.30:715   [cocoon.manager.fop] (Unknown-URI) Unknown-Thread/MessageHandler: property 'fonts-family' ignored
ERROR   (2009-10-30) 14:26.30:715   [cocoon.manager.fop] (Unknown-URI) Unknown-Thread/MessageHandler: property 'fonts-family' ignored
ERROR   (2009-10-30) 14:26.30:716   [cocoon.manager.fop] (Unknown-URI) Unknown-Thread/MessageHandler: property 'fonts-family' ignored
ERROR   (2009-10-30) 14:26.30:716   [cocoon.manager.fop] (Unknown-URI) Unknown-Thread/MessageHandler: property 'fonts-family' ignored
ERROR   (2009-10-30) 14:26.30:716   [cocoon.manager.fop] (Unknown-URI) Unknown-Thread/MessageHandler: property 'fonts-family' ignored
ERROR   (2009-10-30) 14:26.30:717   [cocoon.manager.fop] (Unknown-URI) Unknown-Thread/MessageHandler: property 'fonts-family' ignored
ERROR   (2009-10-30) 14:26.30:717   [cocoon.manager.fop] (Unknown-URI) Unknown-Thread/MessageHandler: property 'fonts-family' ignored
ERROR   (2009-10-30) 14:26.30:717   [cocoon.manager.fop] (Unknown-URI) Unknown-Thread/MessageHandler: property 'fonts-family' ignored
ERROR   (2009-10-30) 14:26.30:717   [cocoon.manager.fop] (Unknown-URI) Unknown-Thread/MessageHandler: property 'fonts-family' ignored
ERROR   (2009-10-30) 14:26.30:717   [cocoon.manager.fop] (Unknown-URI) Unknown-Thread/MessageHandler: property 'fonts-family' ignored
ERROR   (2009-10-30) 14:26.30:718   [cocoon.manager.fop] (Unknown-URI) Unknown-Thread/MessageHandler: property 'fonts-family' ignored
ERROR   (2009-10-30) 14:26.30:880   [cocoon.manager.fop] (Unknown-URI) Unknown-Thread/MessageHandler: property 'fonts-family' ignored
ERROR   (2009-10-30) 14:26.30:880   [cocoon.manager.fop] (Unknown-URI) Unknown-Thread/MessageHandler: property 'fonts-family' ignored
ERROR   (2009-10-30) 14:26.30:881   [cocoon.manager.fop] (Unknown-URI) Unknown-Thread/MessageHandler: property 'fonts-family' ignored
ERROR   (2009-10-30) 14:26.30:881   [cocoon.manager.fop] (Unknown-URI) Unknown-Thread/MessageHandler: property 'fonts-family' ignored
ERROR   (2009-10-30) 14:26.30:881   [cocoon.manager.fop] (Unknown-URI) Unknown-Thread/MessageHandler: property 'fonts-family' ignored
ERROR   (2009-10-30) 14:26.30:881   [cocoon.manager.fop] (Unknown-URI) Unknown-Thread/MessageHandler: property 'fonts-family' ignored
ERROR   (2009-10-30) 14:26.31:038   [cocoon.manager.fop] (Unknown-URI) Unknown-Thread/MessageHandler: Error in space-after property value '6pt"': org.apache.fop.fo.expr.PropertyException: missing quote
ERROR   (2009-10-30) 14:26.31:039   [cocoon.manager.fop] (Unknown-URI) Unknown-Thread/MessageHandler: property 'fonts-family' ignored
ERROR   (2009-10-30) 14:26.31:040   [cocoon.manager.fop] (Unknown-URI) Unknown-Thread/MessageHandler: property 'fonts-family' ignored
ERROR   (2009-10-30) 14:26.31:040   [cocoon.manager.fop] (Unknown-URI) Unknown-Thread/MessageHandler: property 'fonts-family' ignored
ERROR   (2009-10-30) 14:26.31:040   [cocoon.manager.fop] (Unknown-URI) Unknown-Thread/MessageHandler: property 'fonts-family' ignored
ERROR   (2009-10-30) 14:26.31:040   [cocoon.manager.fop] (Unknown-URI) Unknown-Thread/MessageHandler: property 'fonts-family' ignored
ERROR   (2009-10-30) 14:26.31:058   [cocoon.manager.fop] (Unknown-URI) Unknown-Thread/MessageHandler: Error in space-after property value '6pt"': org.apache.fop.fo.expr.PropertyException: missing quote
ERROR   (2009-10-30) 14:26.31:094   [cocoon.manager.fop] (Unknown-URI) Unknown-Thread/MessageHandler: Error in space-after property value '6pt"': org.apache.fop.fo.expr.PropertyException: missing quote
ERROR   (2009-10-30) 14:26.31:167   [cocoon.manager.fop] (Unknown-URI) Unknown-Thread/MessageHandler: property 'fonts-family' ignored
ERROR   (2009-10-30) 14:26.31:167   [cocoon.manager.fop] (Unknown-URI) Unknown-Thread/MessageHandler: property 'fonts-family' ignored
ERROR   (2009-10-30) 14:26.31:167   [cocoon.manager.fop] (Unknown-URI) Unknown-Thread/MessageHandler: property 'fonts-family' ignored
ERROR   (2009-10-30) 14:26.31:168   [cocoon.manager.fop] (Unknown-URI) Unknown-Thread/MessageHandler: property 'fonts-family' ignored
ERROR   (2009-10-30) 14:26.31:192   [cocoon.manager.fop] (Unknown-URI) Unknown-Thread/MessageHandler: property 'fonts-family' ignored
ERROR   (2009-10-30) 14:26.31:193   [cocoon.manager.fop] (Unknown-URI) Unknown-Thread/MessageHandler: property 'fonts-family' ignored
ERROR   (2009-10-30) 14:26.31:221   [cocoon.manager.fop] (Unknown-URI) Unknown-Thread/MessageHandler: property 'fonts-family' ignored
ERROR   (2009-10-30) 14:26.31:222   [cocoon.manager.fop] (Unknown-URI) Unknown-Thread/MessageHandler: property 'fonts-family' ignored
ERROR   (2009-10-30) 14:26.32:125   [cocoon.manager.fop] (Unknown-URI) Unknown-Thread/MessageHandler: property 'fonts-family' ignored
ERROR   (2009-10-30) 14:26.32:126   [cocoon.manager.fop] (Unknown-URI) Unknown-Thread/MessageHandler: property 'fonts-family' ignored
ERROR   (2009-10-30) 14:26.32:126   [cocoon.manager.fop] (Unknown-URI) Unknown-Thread/MessageHandler: property 'fonts-family' ignored
ERROR   (2009-10-30) 14:26.32:126   [cocoon.manager.fop] (Unknown-URI) Unknown-Thread/MessageHandler: property 'fonts-family' ignored
ERROR   (2009-10-30) 14:26.32:126   [cocoon.manager.fop] (Unknown-URI) Unknown-Thread/MessageHandler: property 'fonts-family' ignored
ERROR   (2009-10-30) 14:26.32:126   [cocoon.manager.fop] (Unknown-URI) Unknown-Thread/MessageHandler: property 'fonts-family' ignored
ERROR   (2009-10-30) 14:26.32:127   [cocoon.manager.fop] (Unknown-URI) Unknown-Thread/MessageHandler: property 'fonts-family' ignored
ERROR   (2009-10-30) 14:26.32:127   [cocoon.manager.fop] (Unknown-URI) Unknown-Thread/MessageHandler: property 'fonts-family' ignored
ERROR   (2009-10-30) 14:26.32:128   [cocoon.manager.fop] (Unknown-URI) Unknown-Thread/MessageHandler: property 'fonts-family' ignored
ERROR   (2009-10-30) 14:26.32:128   [cocoon.manager.fop] (Unknown-URI) Unknown-Thread/MessageHandler: property 'fonts-family' ignored
ERROR   (2009-10-30) 14:26.32:128   [cocoon.manager.fop] (Unknown-URI) Unknown-Thread/MessageHandler: property 'fonts-family' ignored
ERROR   (2009-10-30) 14:26.32:129   [cocoon.manager.fop] (Unknown-URI) Unknown-Thread/MessageHandler: property 'fonts-family' ignored
ERROR   (2009-10-30) 14:26.32:129   [cocoon.manager.fop] (Unknown-URI) Unknown-Thread/MessageHandler: property 'fonts-family' ignored
ERROR   (2009-10-30) 14:26.32:129   [cocoon.manager.fop] (Unknown-URI) Unknown-Thread/MessageHandler: property 'fonts-family' ignored
ERROR   (2009-10-30) 14:26.32:129   [cocoon.manager.fop] (Unknown-URI) Unknown-Thread/MessageHandler: property 'fonts-family' ignored
ERROR   (2009-10-30) 14:26.32:130   [cocoon.manager.fop] (Unknown-URI) Unknown-Thread/MessageHandler: property 'fonts-family' ignored
ERROR   (2009-10-30) 14:26.32:130   [cocoon.manager.fop] (Unknown-URI) Unknown-Thread/MessageHandler: property 'fonts-family' ignored
ERROR   (2009-10-30) 14:26.32:130   [cocoon.manager.fop] (Unknown-URI) Unknown-Thread/MessageHandler: property 'fonts-family' ignored
ERROR   (2009-10-30) 14:26.32:130   [cocoon.manager.fop] (Unknown-URI) Unknown-Thread/MessageHandler: property 'fonts-family' ignored
ERROR   (2009-10-30) 14:26.32:131   [cocoon.manager.fop] (Unknown-URI) Unknown-Thread/MessageHandler: property 'fonts-family' ignored
ERROR   (2009-10-30) 14:26.32:131   [cocoon.manager.fop] (Unknown-URI) Unknown-Thread/MessageHandler: property 'fonts-family' ignored
ERROR   (2009-10-30) 14:26.32:131   [cocoon.manager.fop] (Unknown-URI) Unknown-Thread/MessageHandler: property 'fonts-family' ignored
ERROR   (2009-10-30) 14:26.32:132   [cocoon.manager.fop] (Unknown-URI) Unknown-Thread/MessageHandler: property 'fonts-family' ignored
ERROR   (2009-10-30) 14:26.32:132   [cocoon.manager.fop] (Unknown-URI) Unknown-Thread/MessageHandler: property 'fonts-family' ignored
ERROR   (2009-10-30) 14:26.32:132   [cocoon.manager.fop] (Unknown-URI) Unknown-Thread/MessageHandler: property 'fonts-family' ignored
ERROR   (2009-10-30) 14:26.32:132   [cocoon.manager.fop] (Unknown-URI) Unknown-Thread/MessageHandler: property 'fonts-family' ignored
ERROR   (2009-10-30) 14:26.32:133   [cocoon.manager.fop] (Unknown-URI) Unknown-Thread/MessageHandler: property 'fonts-family' ignored
ERROR   (2009-10-30) 14:26.32:134   [cocoon.manager.fop] (Unknown-URI) Unknown-Thread/MessageHandler: property 'fonts-family' ignored
ERROR   (2009-10-30) 14:26.32:134   [cocoon.manager.fop] (Unknown-URI) Unknown-Thread/MessageHandler: property 'fonts-family' ignored
ERROR   (2009-10-30) 14:26.32:135   [cocoon.manager.fop] (Unknown-URI) Unknown-Thread/MessageHandler: property 'fonts-family' ignored
ERROR   (2009-10-30) 14:26.32:135   [cocoon.manager.fop] (Unknown-URI) Unknown-Thread/MessageHandler: property 'fonts-family' ignored
ERROR   (2009-10-30) 14:26.32:135   [cocoon.manager.fop] (Unknown-URI) Unknown-Thread/MessageHandler: property 'fonts-family' ignored
ERROR   (2009-10-30) 14:26.32:135   [cocoon.manager.fop] (Unknown-URI) Unknown-Thread/MessageHandler: property 'fonts-family' ignored
ERROR   (2009-10-30) 14:26.32:135   [cocoon.manager.fop] (Unknown-URI) Unknown-Thread/MessageHandler: property 'fonts-family' ignored
ERROR   (2009-10-30) 14:26.32:136   [cocoon.manager.fop] (Unknown-URI) Unknown-Thread/MessageHandler: property 'fonts-family' ignored
ERROR   (2009-10-30) 14:26.33:187   [cocoon.manager.fop] (Unknown-URI) Unknown-Thread/MessageHandler: TrueType warning: Can't find cvt table
ERROR   (2009-10-30) 14:26.33:188   [cocoon.manager.fop] (Unknown-URI) Unknown-Thread/MessageHandler: TrueType warning: Can't find prep table
ERROR   (2009-10-30) 14:26.33:758   [cocoon.manager.fop] (Unknown-URI) Unknown-Thread/MessageHandler: Error in space-after property value '6pt"': org.apache.fop.fo.expr.PropertyException: missing quote
ERROR   (2009-10-30) 14:26.34:317   [cocoon.manager.fop] (Unknown-URI) Unknown-Thread/MessageHandler: TrueType warning: Can't find cvt table
ERROR   (2009-10-30) 14:26.34:317   [cocoon.manager.fop] (Unknown-URI) Unknown-Thread/MessageHandler: TrueType warning: Can't find prep table
ERROR   (2009-10-30) 14:26.35:321   [cocoon.manager.fop] (Unknown-URI) Unknown-Thread/MessageHandler: TrueType warning: Can't find cvt table
ERROR   (2009-10-30) 14:26.35:321   [cocoon.manager.fop] (Unknown-URI) Unknown-Thread/MessageHandler: TrueType warning: Can't find prep table
ERROR   (2009-10-30) 14:26.35:844   [cocoon.manager.fop] (Unknown-URI) Unknown-Thread/MessageHandler: TrueType warning: Can't find cvt table
ERROR   (2009-10-30) 14:26.35:844   [cocoon.manager.fop] (Unknown-URI) Unknown-Thread/MessageHandler: TrueType warning: Can't find prep table
ERROR   (2009-10-30) 14:26.35:920   [cocoon.manager.fop] (Unknown-URI) Unknown-Thread/MessageHandler: property 'fonts-family' ignored
ERROR   (2009-10-30) 14:26.35:920   [cocoon.manager.fop] (Unknown-URI) Unknown-Thread/MessageHandler: property 'fonts-family' ignored
ERROR   (2009-10-30) 14:26.35:921   [cocoon.manager.fop] (Unknown-URI) Unknown-Thread/MessageHandler: property 'fonts-family' ignored
ERROR   (2009-10-30) 14:26.35:921   [cocoon.manager.fop] (Unknown-URI) Unknown-Thread/MessageHandler: property 'fonts-family' ignored
ERROR   (2009-10-30) 14:26.35:921   [cocoon.manager.fop] (Unknown-URI) Unknown-Thread/MessageHandler: property 'fonts-family' ignored
ERROR   (2009-10-30) 14:26.35:921   [cocoon.manager.fop] (Unknown-URI) Unknown-Thread/MessageHandler: property 'fonts-family' ignored
ERROR   (2009-10-30) 14:26.35:922   [cocoon.manager.fop] (Unknown-URI) Unknown-Thread/MessageHandler: property 'fonts-family' ignored
ERROR   (2009-10-30) 14:26.35:922   [cocoon.manager.fop] (Unknown-URI) Unknown-Thread/MessageHandler: property 'fonts-family' ignored
ERROR   (2009-10-30) 14:26.35:929   [cocoon.manager.fop] (Unknown-URI) Unknown-Thread/MessageHandler: property 'fonts-family' ignored
ERROR   (2009-10-30) 14:26.35:930   [cocoon.manager.fop] (Unknown-URI) Unknown-Thread/MessageHandler: property 'fonts-family' ignored
ERROR   (2009-10-30) 14:26.35:930   [cocoon.manager.fop] (Unknown-URI) Unknown-Thread/MessageHandler: property 'fonts-family' ignored
ERROR   (2009-10-30) 14:26.35:930   [cocoon.manager.fop] (Unknown-URI) Unknown-Thread/MessageHandler: property 'fonts-family' ignored
ERROR   (2009-10-30) 14:26.35:930   [cocoon.manager.fop] (Unknown-URI) Unknown-Thread/MessageHandler: property 'fonts-family' ignored
ERROR   (2009-10-30) 14:26.35:930   [cocoon.manager.fop] (Unknown-URI) Unknown-Thread/MessageHandler: property 'fonts-family' ignored
ERROR   (2009-10-30) 14:26.35:949   [cocoon.manager.fop] (Unknown-URI) Unknown-Thread/MessageHandler: property 'fonts-family' ignored
ERROR   (2009-10-30) 14:26.35:949   [cocoon.manager.fop] (Unknown-URI) Unknown-Thread/MessageHandler: property 'fonts-family' ignored
ERROR   (2009-10-30) 14:26.35:954   [cocoon.manager.fop] (Unknown-URI) Unknown-Thread/MessageHandler: property 'fonts-family' ignored
ERROR   (2009-10-30) 14:26.35:955   [cocoon.manager.fop] (Unknown-URI) Unknown-Thread/MessageHandler: property 'fonts-family' ignored
ERROR   (2009-10-30) 14:26.35:955   [cocoon.manager.fop] (Unknown-URI) Unknown-Thread/MessageHandler: property 'fonts-family' ignored
ERROR   (2009-10-30) 14:26.35:956   [cocoon.manager.fop] (Unknown-URI) Unknown-Thread/MessageHandler: property 'fonts-family' ignored
ERROR   (2009-10-30) 14:26.35:956   [cocoon.manager.fop] (Unknown-URI) Unknown-Thread/MessageHandler: property 'fonts-family' ignored
ERROR   (2009-10-30) 14:26.35:956   [cocoon.manager.fop] (Unknown-URI) Unknown-Thread/MessageHandler: property 'fonts-family' ignored
ERROR   (2009-10-30) 14:26.35:956   [cocoon.manager.fop] (Unknown-URI) Unknown-Thread/MessageHandler: property 'fonts-family' ignored
ERROR   (2009-10-30) 14:26.35:957   [cocoon.manager.fop] (Unknown-URI) Unknown-Thread/MessageHandler: property 'fonts-family' ignored
ERROR   (2009-10-30) 14:26.35:957   [cocoon.manager.fop] (Unknown-URI) Unknown-Thread/MessageHandler: property 'fonts-family' ignored
ERROR   (2009-10-30) 14:26.35:957   [cocoon.manager.fop] (Unknown-URI) Unknown-Thread/MessageHandler: property 'fonts-family' ignored
ERROR   (2009-10-30) 14:26.35:957   [cocoon.manager.fop] (Unknown-URI) Unknown-Thread/MessageHandler: property 'fonts-family' ignored
ERROR   (2009-10-30) 14:26.35:958   [cocoon.manager.fop] (Unknown-URI) Unknown-Thread/MessageHandler: property 'fonts-family' ignored
ERROR   (2009-10-30) 14:26.35:958   [cocoon.manager.fop] (Unknown-URI) Unknown-Thread/MessageHandler: property 'fonts-family' ignored
ERROR   (2009-10-30) 14:26.35:958   [cocoon.manager.fop] (Unknown-URI) Unknown-Thread/MessageHandler: property 'fonts-family' ignored
ERROR   (2009-10-30) 14:26.35:958   [cocoon.manager.fop] (Unknown-URI) Unknown-Thread/MessageHandler: property 'fonts-family' ignored
ERROR   (2009-10-30) 14:26.35:959   [cocoon.manager.fop] (Unknown-URI) Unknown-Thread/MessageHandler: property 'fonts-family' ignored
ERROR   (2009-10-30) 14:26.35:959   [cocoon.manager.fop] (Unknown-URI) Unknown-Thread/MessageHandler: property 'fonts-family' ignored
ERROR   (2009-10-30) 14:26.35:959   [cocoon.manager.fop] (Unknown-URI) Unknown-Thread/MessageHandler: property 'fonts-family' ignored
ERROR   (2009-10-30) 14:26.36:418   [cocoon.manager.fop] (Unknown-URI) Unknown-Thread/MessageHandler: TrueType warning: Can't find cvt table
ERROR   (2009-10-30) 14:26.36:419   [cocoon.manager.fop] (Unknown-URI) Unknown-Thread/MessageHandler: TrueType warning: Can't find prep table
ERROR   (2009-10-30) 14:26.37:131   [cocoon.manager.fop] (Unknown-URI) Unknown-Thread/MessageHandler: TrueType warning: Can't find cvt table
ERROR   (2009-10-30) 14:26.37:131   [cocoon.manager.fop] (Unknown-URI) Unknown-Thread/MessageHandler: TrueType warning: Can't find prep table
ERROR   (2009-10-30) 14:26.38:365   [cocoon.manager.fop] (Unknown-URI) Unknown-Thread/MessageHandler: TrueType warning: Can't find cvt table
ERROR   (2009-10-30) 14:26.38:365   [cocoon.manager.fop] (Unknown-URI) Unknown-Thread/MessageHandler: TrueType warning: Can't find prep table
ERROR   (2009-10-30) 14:26.38:517   [cocoon.manager.fop] (Unknown-URI) Unknown-Thread/MessageHandler: property 'fonts-family' ignored
ERROR   (2009-10-30) 14:26.38:517   [cocoon.manager.fop] (Unknown-URI) Unknown-Thread/MessageHandler: property 'fonts-family' ignored
ERROR   (2009-10-30) 14:26.38:517   [cocoon.manager.fop] (Unknown-URI) Unknown-Thread/MessageHandler: property 'fonts-family' ignored
ERROR   (2009-10-30) 14:26.38:521   [cocoon.manager.fop] (Unknown-URI) Unknown-Thread/MessageHandler: property 'fonts-family' ignored
ERROR   (2009-10-30) 14:26.38:524   [cocoon.manager.fop] (Unknown-URI) Unknown-Thread/MessageHandler: property 'fonts-family' ignored
ERROR   (2009-10-30) 14:26.38:556   [cocoon.manager.fop] (Unknown-URI) Unknown-Thread/MessageHandler: property 'fonts-family' ignored
ERROR   (2009-10-30) 14:26.38:573   [cocoon.manager.fop] (Unknown-URI) Unknown-Thread/MessageHandler: property 'fonts-family' ignored
ERROR   (2009-10-30) 14:26.38:574   [cocoon.manager.fop] (Unknown-URI) Unknown-Thread/MessageHandler: property 'fonts-family' ignored
ERROR   (2009-10-30) 14:26.38:630   [cocoon.manager.fop] (Unknown-URI) Unknown-Thread/MessageHandler: property 'fonts-family' ignored
ERROR   (2009-10-30) 14:26.38:633   [cocoon.manager.fop] (Unknown-URI) Unknown-Thread/MessageHandler: property 'fonts-family' ignored
ERROR   (2009-10-30) 14:26.38:634   [cocoon.manager.fop] (Unknown-URI) Unknown-Thread/MessageHandler: property 'fonts-family' ignored
ERROR   (2009-10-30) 14:26.38:634   [cocoon.manager.fop] (Unknown-URI) Unknown-Thread/MessageHandler: property 'fonts-family' ignored
ERROR   (2009-10-30) 14:26.38:634   [cocoon.manager.fop] (Unknown-URI) Unknown-Thread/MessageHandler: property 'fonts-family' ignored
ERROR   (2009-10-30) 14:26.38:634   [cocoon.manager.fop] (Unknown-URI) Unknown-Thread/MessageHandler: property 'fonts-family' ignored
ERROR   (2009-10-30) 14:26.38:635   [cocoon.manager.fop] (Unknown-URI) Unknown-Thread/MessageHandler: property 'fonts-family' ignored
ERROR   (2009-10-30) 14:26.38:635   [cocoon.manager.fop] (Unknown-URI) Unknown-Thread/MessageHandler: property 'fonts-family' ignored
ERROR   (2009-10-30) 14:26.38:635   [cocoon.manager.fop] (Unknown-URI) Unknown-Thread/MessageHandler: property 'fonts-family' ignored
ERROR   (2009-10-30) 14:26.38:635   [cocoon.manager.fop] (Unknown-URI) Unknown-Thread/MessageHandler: property 'fonts-family' ignored
ERROR   (2009-10-30) 14:26.38:636   [cocoon.manager.fop] (Unknown-URI) Unknown-Thread/MessageHandler: property 'fonts-family' ignored
ERROR   (2009-10-30) 14:26.38:636   [cocoon.manager.fop] (Unknown-URI) Unknown-Thread/MessageHandler: property 'fonts-family' ignored
ERROR   (2009-10-30) 14:26.38:636   [cocoon.manager.fop] (Unknown-URI) Unknown-Thread/MessageHandler: property 'fonts-family' ignored
ERROR   (2009-10-30) 14:26.38:636   [cocoon.manager.fop] (Unknown-URI) Unknown-Thread/MessageHandler: property 'fonts-family' ignored
ERROR   (2009-10-30) 14:26.38:637   [cocoon.manager.fop] (Unknown-URI) Unknown-Thread/MessageHandler: property 'fonts-family' ignored
ERROR   (2009-10-30) 14:26.38:637   [cocoon.manager.fop] (Unknown-URI) Unknown-Thread/MessageHandler: property 'fonts-family' ignored
ERROR   (2009-10-30) 14:26.38:642   [cocoon.manager.fop] (Unknown-URI) Unknown-Thread/MessageHandler: property 'fonts-family' ignored
ERROR   (2009-10-30) 14:26.38:642   [cocoon.manager.fop] (Unknown-URI) Unknown-Thread/MessageHandler: property 'fonts-family' ignored
ERROR   (2009-10-30) 14:26.38:643   [cocoon.manager.fop] (Unknown-URI) Unknown-Thread/MessageHandler: property 'fonts-family' ignored
ERROR   (2009-10-30) 14:26.38:643   [cocoon.manager.fop] (Unknown-URI) Unknown-Thread/MessageHandler: property 'fonts-family' ignored
ERROR   (2009-10-30) 14:26.38:644   [cocoon.manager.fop] (Unknown-URI) Unknown-Thread/MessageHandler: property 'fonts-family' ignored
ERROR   (2009-10-30) 14:26.38:656   [cocoon.manager.fop] (Unknown-URI) Unknown-Thread/MessageHandler: property 'fonts-family' ignored
ERROR   (2009-10-30) 14:26.38:656   [cocoon.manager.fop] (Unknown-URI) Unknown-Thread/MessageHandler: property 'fonts-family' ignored
ERROR   (2009-10-30) 14:26.38:657   [cocoon.manager.fop] (Unknown-URI) Unknown-Thread/MessageHandler: property 'fonts-family' ignored
ERROR   (2009-10-30) 14:26.38:657   [cocoon.manager.fop] (Unknown-URI) Unknown-Thread/MessageHandler: property 'fonts-family' ignored
ERROR   (2009-10-30) 14:26.38:657   [cocoon.manager.fop] (Unknown-URI) Unknown-Thread/MessageHandler: property 'fonts-family' ignored
ERROR   (2009-10-30) 14:26.38:658   [cocoon.manager.fop] (Unknown-URI) Unknown-Thread/MessageHandler: property 'fonts-family' ignored
ERROR   (2009-10-30) 14:26.38:658   [cocoon.manager.fop] (Unknown-URI) Unknown-Thread/MessageHandler: property 'fonts-family' ignored
ERROR   (2009-10-30) 14:26.38:658   [cocoon.manager.fop] (Unknown-URI) Unknown-Thread/MessageHandler: property 'fonts-family' ignored
ERROR   (2009-10-30) 14:26.38:658   [cocoon.manager.fop] (Unknown-URI) Unknown-Thread/MessageHandler: property 'fonts-family' ignored
ERROR   (2009-10-30) 14:26.38:658   [cocoon.manager.fop] (Unknown-URI) Unknown-Thread/MessageHandler: property 'fonts-family' ignored
ERROR   (2009-10-30) 14:26.38:659   [cocoon.manager.fop] (Unknown-URI) Unknown-Thread/MessageHandler: property 'fonts-family' ignored
ERROR   (2009-10-30) 14:26.38:659   [cocoon.manager.fop] (Unknown-URI) Unknown-Thread/MessageHandler: property 'fonts-family' ignored
ERROR   (2009-10-30) 14:26.38:659   [cocoon.manager.fop] (Unknown-URI) Unknown-Thread/MessageHandler: property 'fonts-family' ignored
ERROR   (2009-10-30) 14:26.38:686   [cocoon.manager.fop] (Unknown-URI) Unknown-Thread/MessageHandler: property 'fonts-family' ignored
ERROR   (2009-10-30) 14:26.38:686   [cocoon.manager.fop] (Unknown-URI) Unknown-Thread/MessageHandler: property 'fonts-family' ignored
ERROR   (2009-10-30) 14:26.38:690   [cocoon.manager.fop] (Unknown-URI) Unknown-Thread/MessageHandler: property 'fonts-family' ignored
ERROR   (2009-10-30) 14:26.38:690   [cocoon.manager.fop] (Unknown-URI) Unknown-Thread/MessageHandler: property 'fonts-family' ignored
ERROR   (2009-10-30) 14:26.38:694   [cocoon.manager.fop] (Unknown-URI) Unknown-Thread/MessageHandler: property 'fonts-family' ignored
ERROR   (2009-10-30) 14:26.38:705   [cocoon.manager.fop] (Unknown-URI) Unknown-Thread/MessageHandler: property 'fonts-family' ignored
ERROR   (2009-10-30) 14:26.38:735   [cocoon.manager.fop] (Unknown-URI) Unknown-Thread/MessageHandler: property 'fonts-family' ignored
ERROR   (2009-10-30) 14:26.38:735   [cocoon.manager.fop] (Unknown-URI) Unknown-Thread/MessageHandler: property 'fonts-family' ignored
ERROR   (2009-10-30) 14:26.38:735   [cocoon.manager.fop] (Unknown-URI) Unknown-Thread/MessageHandler: property 'fonts-family' ignored
ERROR   (2009-10-30) 14:26.38:735   [cocoon.manager.fop] (Unknown-URI) Unknown-Thread/MessageHandler: property 'fonts-family' ignored
ERROR   (2009-10-30) 14:26.38:735   [cocoon.manager.fop] (Unknown-URI) Unknown-Thread/MessageHandler: property 'fonts-family' ignored
ERROR   (2009-10-30) 14:26.38:739   [cocoon.manager.fop] (Unknown-URI) Unknown-Thread/MessageHandler: property 'fonts-family' ignored
ERROR   (2009-10-30) 14:26.38:740   [cocoon.manager.fop] (Unknown-URI) Unknown-Thread/MessageHandler: property 'fonts-family' ignored
ERROR   (2009-10-30) 14:26.38:740   [cocoon.manager.fop] (Unknown-URI) Unknown-Thread/MessageHandler: property 'fonts-family' ignored
ERROR   (2009-10-30) 14:26.38:740   [cocoon.manager.fop] (Unknown-URI) Unknown-Thread/MessageHandler: property 'fonts-family' ignored
ERROR   (2009-10-30) 14:26.38:740   [cocoon.manager.fop] (Unknown-URI) Unknown-Thread/MessageHandler: property 'fonts-family' ignored
ERROR   (2009-10-30) 14:26.38:741   [cocoon.manager.fop] (Unknown-URI) Unknown-Thread/MessageHandler: property 'fonts-family' ignored
ERROR   (2009-10-30) 14:26.38:749   [cocoon.manager.fop] (Unknown-URI) Unknown-Thread/MessageHandler: property 'fonts-family' ignored
ERROR   (2009-10-30) 14:26.38:750   [cocoon.manager.fop] (Unknown-URI) Unknown-Thread/MessageHandler: property 'fonts-family' ignored
ERROR   (2009-10-30) 14:26.38:761   [cocoon.manager.fop] (Unknown-URI) Unknown-Thread/MessageHandler: property 'fonts-family' ignored
ERROR   (2009-10-30) 14:26.38:762   [cocoon.manager.fop] (Unknown-URI) Unknown-Thread/MessageHandler: property 'fonts-family' ignored
ERROR   (2009-10-30) 14:26.38:762   [cocoon.manager.fop] (Unknown-URI) Unknown-Thread/MessageHandler: property 'fonts-family' ignored
ERROR   (2009-10-30) 14:26.39:517   [cocoon.manager.fop] (Unknown-URI) Unknown-Thread/MessageHandler: TrueType warning: Can't find cvt table
ERROR   (2009-10-30) 14:26.39:517   [cocoon.manager.fop] (Unknown-URI) Unknown-Thread/MessageHandler: TrueType warning: Can't find prep table
ERROR   (2009-10-30) 14:26.39:976   [cocoon.manager.fop] (Unknown-URI) Unknown-Thread/MessageHandler: TrueType warning: Can't find cvt table
ERROR   (2009-10-30) 14:26.39:976   [cocoon.manager.fop] (Unknown-URI) Unknown-Thread/MessageHandler: TrueType warning: Can't find prep table
ERROR   (2009-10-30) 14:26.40:429   [cocoon.manager.fop] (Unknown-URI) Unknown-Thread/MessageHandler: TrueType warning: Can't find cvt table
ERROR   (2009-10-30) 14:26.40:429   [cocoon.manager.fop] (Unknown-URI) Unknown-Thread/MessageHandler: TrueType warning: Can't find prep table
ERROR   (2009-10-30) 14:26.40:670   [cocoon.manager.fop] (Unknown-URI) Unknown-Thread/MessageHandler: property 'fonts-family' ignored
ERROR   (2009-10-30) 14:26.40:671   [cocoon.manager.fop] (Unknown-URI) Unknown-Thread/MessageHandler: property 'fonts-family' ignored
ERROR   (2009-10-30) 14:26.40:671   [cocoon.manager.fop] (Unknown-URI) Unknown-Thread/MessageHandler: property 'fonts-family' ignored
ERROR   (2009-10-30) 14:26.41:042   [cocoon.manager.fop] (Unknown-URI) Unknown-Thread/MessageHandler: TrueType warning: Can't find cvt table
ERROR   (2009-10-30) 14:26.41:042   [cocoon.manager.fop] (Unknown-URI) Unknown-Thread/MessageHandler: TrueType warning: Can't find prep table
